2024-08-26 20:57:37,598 [INFO] Activator:176 - 


2024-08-26 20:57:37,601 [INFO] Activator:177 - !SESSION log4j initialized
2024-08-26 20:57:40,717 [INFO] LogOutputStream:77 - [STDOUT_REDIRECT] 
2024-08-26 20:57:47,477 [INFO] ApplicationProperties:184 - Using Application install path: C:\ST\STM32CubeIDE_1.14.1\STM32CubeIDE\plugins\com.st.stm32cube.common.mx_6.10.0.202311202037
2024-08-26 20:57:47,498 [INFO] DbMcusXml:78 - Set database path to: C:\ST\STM32CubeIDE_1.14.1\STM32CubeIDE\plugins\com.st.stm32cube.common.mx_6.10.0.202311202037\\db\/mcu/
2024-08-26 20:57:47,499 [INFO] ApiDb:274 - Set plugin database path to: C:\ST\STM32CubeIDE_1.14.1\STM32CubeIDE\plugins\com.st.stm32cube.common.mx_6.10.0.202311202037\\db\/plugins/boardmanager/
2024-08-26 20:57:47,499 [WARN] ApiDb:259 - Overriding images path with different value:  => C:\ST\STM32CubeIDE_1.14.1\STM32CubeIDE\plugins\com.st.stm32cube.common.mx_6.10.0.202311202037\\db\/plugins/mcufinder/images/
2024-08-26 20:57:47,508 [INFO] ApiDb:250 - Set database path to: C:\Users\Berk\.stmcufinder\plugins\mcufinder//mcu/
2024-08-26 20:57:47,510 [INFO] DbMcusAds:125 - Set database path to: C:\Users\Berk\.stmcufinder\plugins\mcufinder//mcu/
2024-08-26 20:57:47,512 [INFO] CrossReferenceDbSqlite:203 - Set database path to: C:\Users\Berk\.stmcufinder\plugins\mcufinder//mcu/cs/
2024-08-26 20:57:47,644 [INFO] RulesReader:64 - Compatibility file has been processed (297 Rules)
2024-08-26 20:57:47,754 [INFO] DbMcusXml:78 - Set database path to: C:\ST\STM32CubeIDE_1.14.1\STM32CubeIDE\plugins\com.st.stm32cube.common.mx_6.10.0.202311202037\\db\/mcu/
2024-08-26 20:57:47,754 [INFO] ApiDb:274 - Set plugin database path to: C:\ST\STM32CubeIDE_1.14.1\STM32CubeIDE\plugins\com.st.stm32cube.common.mx_6.10.0.202311202037\\db\/plugins/boardmanager/
2024-08-26 20:57:47,754 [INFO] ApiDb:261 - Set plugin images path to: C:\ST\STM32CubeIDE_1.14.1\STM32CubeIDE\plugins\com.st.stm32cube.common.mx_6.10.0.202311202037\\db\/plugins/mcufinder/images/
2024-08-26 20:57:47,755 [WARN] DbFile:41 - Overriding database path with different value: C:\Users\Berk\.stmcufinder\plugins\mcufinder/ => C:\Users\Berk\.stmcufinder\plugins\mcufinder
2024-08-26 20:57:47,755 [INFO] ApiDb:250 - Set database path to: C:\Users\Berk\.stmcufinder\plugins\mcufinder//mcu/
2024-08-26 20:57:47,755 [WARN] DbFile:41 - Overriding database path with different value: C:\Users\Berk\.stmcufinder\plugins\mcufinder/ => C:\Users\Berk\.stmcufinder\plugins\mcufinder
2024-08-26 20:57:47,755 [INFO] DbMcusAds:125 - Set database path to: C:\Users\Berk\.stmcufinder\plugins\mcufinder//mcu/
2024-08-26 20:57:47,755 [WARN] DbFile:41 - Overriding database path with different value: C:\Users\Berk\.stmcufinder\plugins\mcufinder/ => C:\Users\Berk\.stmcufinder\plugins\mcufinder
2024-08-26 20:57:47,755 [WARN] DbFile:41 - Overriding database path with different value: C:\Users\Berk\.stmcufinder\plugins\mcufinder/ => C:\Users\Berk\.stmcufinder\plugins\mcufinder
2024-08-26 20:57:47,755 [INFO] CrossReferenceDbSqlite:203 - Set database path to: C:\Users\Berk\.stmcufinder\plugins\mcufinder//mcu/cs/
2024-08-26 20:57:47,848 [INFO] MainPanel:264 - HeapMemory: 268435456
2024-08-26 20:57:47,952 [INFO] DbMcusXml:78 - Set database path to: C:\ST\STM32CubeIDE_1.14.1\STM32CubeIDE\plugins\com.st.stm32cube.common.mx_6.10.0.202311202037\\db\/mcu/
2024-08-26 20:57:47,952 [INFO] ApiDb:274 - Set plugin database path to: C:\ST\STM32CubeIDE_1.14.1\STM32CubeIDE\plugins\com.st.stm32cube.common.mx_6.10.0.202311202037\\db\/plugins/boardmanager/
2024-08-26 20:57:47,952 [INFO] ApiDb:261 - Set plugin images path to: C:\ST\STM32CubeIDE_1.14.1\STM32CubeIDE\plugins\com.st.stm32cube.common.mx_6.10.0.202311202037\\db\/plugins/mcufinder/images/
2024-08-26 20:57:47,952 [WARN] DbFile:41 - Overriding database path with different value: C:\Users\Berk\.stmcufinder\plugins\mcufinder/ => C:\Users\Berk\.stmcufinder\plugins\mcufinder
2024-08-26 20:57:47,952 [INFO] ApiDb:250 - Set database path to: C:\Users\Berk\.stmcufinder\plugins\mcufinder//mcu/
2024-08-26 20:57:47,952 [WARN] DbFile:41 - Overriding database path with different value: C:\Users\Berk\.stmcufinder\plugins\mcufinder/ => C:\Users\Berk\.stmcufinder\plugins\mcufinder
2024-08-26 20:57:47,952 [INFO] DbMcusAds:125 - Set database path to: C:\Users\Berk\.stmcufinder\plugins\mcufinder//mcu/
2024-08-26 20:57:47,953 [WARN] DbFile:41 - Overriding database path with different value: C:\Users\Berk\.stmcufinder\plugins\mcufinder/ => C:\Users\Berk\.stmcufinder\plugins\mcufinder
2024-08-26 20:57:47,953 [WARN] DbFile:41 - Overriding database path with different value: C:\Users\Berk\.stmcufinder\plugins\mcufinder/ => C:\Users\Berk\.stmcufinder\plugins\mcufinder
2024-08-26 20:57:47,953 [INFO] CrossReferenceDbSqlite:203 - Set database path to: C:\Users\Berk\.stmcufinder\plugins\mcufinder//mcu/cs/
2024-08-26 20:57:47,975 [INFO] ApplicationProperties:184 - Using Application install path: C:\ST\STM32CubeIDE_1.14.1\STM32CubeIDE\plugins\com.st.stm32cube.common.mx_6.10.0.202311202037
2024-08-26 20:57:47,978 [INFO] PluginManage:196 - Search for loadable plugins [exclusion list=, ]
2024-08-26 20:57:47,979 [INFO] PluginManage:310 - Check plugin analytics
2024-08-26 20:57:52,754 [INFO] AnalyticsPlugin:253 - Accepted Software Licenses: 
2024-08-26 20:57:52,754 [INFO] AnalyticsPlugin:255 - Accepted CMSIS Pack Licenses: 
2024-08-26 20:57:52,755 [INFO] AnalyticsPlugin:257 - Accepted Firmware Licenses: FW.F4.1.28.0
2024-08-26 20:57:52,758 [INFO] PluginManage:359 - Loaded plugin analytics (category:tool,tabindex:-1)
2024-08-26 20:57:52,758 [INFO] PluginManage:310 - Check plugin cadmodel
2024-08-26 20:57:52,779 [INFO] CADModel:105 - Init CAD model plugin
2024-08-26 20:57:52,780 [INFO] PluginManage:359 - Loaded plugin cadmodel (category:power,tabindex:5)
2024-08-26 20:57:52,780 [INFO] PluginManage:310 - Check plugin clock
2024-08-26 20:57:52,804 [INFO] PluginManage:359 - Loaded plugin clock (category:base,tabindex:2)
2024-08-26 20:57:52,804 [INFO] PluginManage:310 - Check plugin ddr
2024-08-26 20:57:52,807 [INFO] PluginManage:359 - Loaded plugin ddr (category:tool,tabindex:6)
2024-08-26 20:57:52,808 [INFO] PluginManage:310 - Check plugin filemanager
2024-08-26 20:57:52,976 [INFO] PluginManage:359 - Loaded plugin filemanager (category:base,tabindex:10)
2024-08-26 20:57:52,976 [INFO] PluginManage:310 - Check plugin ipmanager
2024-08-26 20:57:52,985 [INFO] PluginManage:359 - Loaded plugin ipmanager (category:base,tabindex:5)
2024-08-26 20:57:52,985 [INFO] PluginManage:310 - Check plugin lpbam
2024-08-26 20:57:53,024 [INFO] PluginManage:359 - Loaded plugin lpbam (category:base,tabindex:0)
2024-08-26 20:57:53,024 [INFO] PluginManage:310 - Check plugin memorymap
2024-08-26 20:57:53,057 [INFO] PluginManage:359 - Loaded plugin memorymap (category:base,tabindex:4)
2024-08-26 20:57:53,057 [INFO] PluginManage:310 - Check plugin pinoutandconfiguration
2024-08-26 20:57:53,079 [INFO] PluginManage:359 - Loaded plugin pinoutandconfiguration (category:base,tabindex:1)
2024-08-26 20:57:53,079 [INFO] PluginManage:310 - Check plugin pinoutconfig
2024-08-26 20:57:53,196 [WARN] SupportedApi:132 - Cannot load RTOS API schema: s4s-elt-must-match.1: The content of 'definitions' must match (annotation?, (simpleType | complexType)?, (unique | key | keyref)*)). A problem was found starting at: attribute.
2024-08-26 20:57:53,359 [INFO] PluginManage:359 - Loaded plugin pinoutconfig (category:base,tabindex:0)
2024-08-26 20:57:53,359 [INFO] PluginManage:310 - Check plugin power
2024-08-26 20:57:53,382 [INFO] PluginManage:359 - Loaded plugin power (category:power,tabindex:4)
2024-08-26 20:57:53,382 [INFO] PluginManage:310 - Check plugin projectmanager
2024-08-26 20:57:53,400 [INFO] PluginManage:359 - Loaded plugin projectmanager (category:projectmanager,tabindex:3)
2024-08-26 20:57:53,400 [INFO] PluginManage:310 - Check plugin thirdparty
2024-08-26 20:57:53,724 [INFO] PluginManage:359 - Loaded plugin thirdparty (category:base,tabindex:-1)
2024-08-26 20:57:53,724 [INFO] PluginManage:310 - Check plugin tools
2024-08-26 20:57:53,724 [WARN] IntegrityCheckThread:84 - waiting for thirdparty lock release [integrity check]
2024-08-26 20:57:53,725 [INFO] IntegrityCheckThread:86 - entering critical section [integrity check]
2024-08-26 20:57:53,725 [INFO] ThirdPartyUpdaterWithRetryManager:70 - Updater plugin not ready yet. [1/15]
2024-08-26 20:57:53,769 [INFO] PluginManage:359 - Loaded plugin tools (category:base,tabindex:7)
2024-08-26 20:57:53,769 [INFO] PluginManage:310 - Check plugin tutovideos
2024-08-26 20:57:53,983 [INFO] PluginManage:359 - Loaded plugin tutovideos (category:base,tabindex:-1)
2024-08-26 20:57:53,983 [INFO] PluginManage:310 - Check plugin updater
2024-08-26 20:57:53,996 [INFO] PluginManage:359 - Loaded plugin updater (category:base,tabindex:12)
2024-08-26 20:57:53,996 [INFO] PluginManage:310 - Check plugin userauth
2024-08-26 20:57:54,005 [INFO] UserAuth:114 - Init User Auth plugin
2024-08-26 20:57:54,005 [INFO] PluginManage:359 - Loaded plugin userauth (category:base,tabindex:14)
2024-08-26 20:57:54,006 [INFO] PluginManage:283 - PluginManage : Loaded plugins [17]
2024-08-26 20:57:54,294 [INFO] PinOutPanel:1499 - setPackage(No Configuration,No Configuration)
2024-08-26 20:57:54,391 [INFO] CADModel:165 - CPN selected for project level
2024-08-26 20:57:54,391 [INFO] CADModel:114 - Register for checkConnection events
2024-08-26 20:57:54,421 [INFO] IPUIPlugin:80 - create IPUIPlugin
2024-08-26 20:57:54,421 [INFO] PluginManager:220 - loadIPPluginJar : add adc
2024-08-26 20:57:54,464 [INFO] IPUIPlugin:80 - create IPUIPlugin
2024-08-26 20:57:54,465 [INFO] PluginManager:220 - loadIPPluginJar : add aes
2024-08-26 20:57:54,512 [INFO] IPUIPlugin:80 - create IPUIPlugin
2024-08-26 20:57:54,512 [INFO] PluginManager:220 - loadIPPluginJar : add can
2024-08-26 20:57:54,539 [INFO] IPUIPlugin:80 - create IPUIPlugin
2024-08-26 20:57:54,539 [INFO] PluginManager:220 - loadIPPluginJar : add comp
2024-08-26 20:57:54,577 [INFO] IPUIPlugin:80 - create IPUIPlugin
2024-08-26 20:57:54,578 [INFO] PluginManager:220 - loadIPPluginJar : add cryp
2024-08-26 20:57:54,612 [INFO] IPUIPlugin:80 - create IPUIPlugin
2024-08-26 20:57:54,612 [INFO] PluginManager:220 - loadIPPluginJar : add dfsdm
2024-08-26 20:57:54,628 [INFO] IPUIPlugin:80 - create IPUIPlugin
2024-08-26 20:57:54,629 [INFO] PluginManager:220 - loadIPPluginJar : add dma
2024-08-26 20:57:54,681 [INFO] IPUIPlugin:80 - create IPUIPlugin
2024-08-26 20:57:54,682 [INFO] PluginManager:220 - loadIPPluginJar : add dma3
2024-08-26 20:57:54,707 [INFO] IPUIPlugin:80 - create IPUIPlugin
2024-08-26 20:57:54,707 [INFO] PluginManager:220 - loadIPPluginJar : add fatfs
2024-08-26 20:57:54,763 [INFO] IPUIPlugin:80 - create IPUIPlugin
2024-08-26 20:57:54,763 [INFO] PluginManager:220 - loadIPPluginJar : add fmc
2024-08-26 20:57:54,779 [INFO] IPUIPlugin:80 - create IPUIPlugin
2024-08-26 20:57:54,780 [INFO] PluginManager:220 - loadIPPluginJar : add freertos
2024-08-26 20:57:54,806 [INFO] IPUIPlugin:80 - create IPUIPlugin
2024-08-26 20:57:54,806 [INFO] PluginManager:220 - loadIPPluginJar : add genericplugin
2024-08-26 20:57:54,939 [INFO] IPUIPlugin:80 - create IPUIPlugin
2024-08-26 20:57:54,939 [INFO] PluginManager:220 - loadIPPluginJar : add gfxmmu
2024-08-26 20:57:55,111 [INFO] IPUIPlugin:80 - create IPUIPlugin
2024-08-26 20:57:55,112 [INFO] PluginManager:220 - loadIPPluginJar : add gic
2024-08-26 20:57:55,129 [INFO] IPUIPlugin:80 - create IPUIPlugin
2024-08-26 20:57:55,129 [INFO] PluginManager:220 - loadIPPluginJar : add gpio
2024-08-26 20:57:55,264 [INFO] IPUIPlugin:80 - create IPUIPlugin
2024-08-26 20:57:55,264 [INFO] PluginManager:220 - loadIPPluginJar : add gtzc
2024-08-26 20:57:55,298 [INFO] IPUIPlugin:80 - create IPUIPlugin
2024-08-26 20:57:55,299 [INFO] PluginManager:220 - loadIPPluginJar : add hash
2024-08-26 20:57:55,354 [INFO] IPUIPlugin:80 - create IPUIPlugin
2024-08-26 20:57:55,354 [INFO] PluginManager:220 - loadIPPluginJar : add i2c
2024-08-26 20:57:55,394 [INFO] IPUIPlugin:80 - create IPUIPlugin
2024-08-26 20:57:55,394 [INFO] PluginManager:220 - loadIPPluginJar : add i2s
2024-08-26 20:57:55,436 [INFO] IPUIPlugin:80 - create IPUIPlugin
2024-08-26 20:57:55,436 [INFO] PluginManager:220 - loadIPPluginJar : add i3c
2024-08-26 20:57:55,544 [INFO] IPUIPlugin:80 - create IPUIPlugin
2024-08-26 20:57:55,544 [INFO] PluginManager:220 - loadIPPluginJar : add ipddr
2024-08-26 20:57:55,640 [INFO] IPUIPlugin:80 - create IPUIPlugin
2024-08-26 20:57:55,640 [INFO] PluginManager:220 - loadIPPluginJar : add linkedlist
2024-08-26 20:57:55,676 [INFO] IPUIPlugin:80 - create IPUIPlugin
2024-08-26 20:57:55,676 [INFO] PluginManager:220 - loadIPPluginJar : add lorawan
2024-08-26 20:57:55,714 [INFO] IPUIPlugin:80 - create IPUIPlugin
2024-08-26 20:57:55,714 [INFO] PluginManager:220 - loadIPPluginJar : add ltdc
2024-08-26 20:57:55,728 [INFO] IPUIPlugin:80 - create IPUIPlugin
2024-08-26 20:57:55,728 [INFO] PluginManager:220 - loadIPPluginJar : add mdma
2024-08-26 20:57:55,740 [INFO] IPUIPlugin:80 - create IPUIPlugin
2024-08-26 20:57:55,741 [INFO] PluginManager:220 - loadIPPluginJar : add nvic
2024-08-26 20:57:55,778 [INFO] IPUIPlugin:80 - create IPUIPlugin
2024-08-26 20:57:55,778 [INFO] PluginManager:220 - loadIPPluginJar : add opamp
2024-08-26 20:57:55,843 [INFO] IPUIPlugin:80 - create IPUIPlugin
2024-08-26 20:57:55,843 [INFO] PluginManager:220 - loadIPPluginJar : add openamp
2024-08-26 20:57:55,889 [INFO] IPUIPlugin:80 - create IPUIPlugin
2024-08-26 20:57:55,889 [INFO] PluginManager:220 - loadIPPluginJar : add pdm2pcm
2024-08-26 20:57:55,906 [INFO] IPUIPlugin:80 - create IPUIPlugin
2024-08-26 20:57:55,909 [INFO] PluginManager:220 - loadIPPluginJar : add plateformsettings
2024-08-26 20:57:55,937 [INFO] IPUIPlugin:80 - create IPUIPlugin
2024-08-26 20:57:55,937 [INFO] PluginManager:220 - loadIPPluginJar : add quadspi
2024-08-26 20:57:55,950 [INFO] IPUIPlugin:80 - create IPUIPlugin
2024-08-26 20:57:55,950 [INFO] PluginManager:220 - loadIPPluginJar : add resmgrutility
2024-08-26 20:57:56,001 [INFO] IPUIPlugin:80 - create IPUIPlugin
2024-08-26 20:57:56,001 [INFO] PluginManager:220 - loadIPPluginJar : add sai
2024-08-26 20:57:56,039 [INFO] IPUIPlugin:80 - create IPUIPlugin
2024-08-26 20:57:56,039 [INFO] PluginManager:220 - loadIPPluginJar : add spi
2024-08-26 20:57:56,106 [INFO] IPUIPlugin:80 - create IPUIPlugin
2024-08-26 20:57:56,106 [INFO] PluginManager:220 - loadIPPluginJar : add stm32_wpan
2024-08-26 20:57:56,132 [INFO] IPUIPlugin:80 - create IPUIPlugin
2024-08-26 20:57:56,132 [INFO] PluginManager:220 - loadIPPluginJar : add tim
2024-08-26 20:57:56,199 [INFO] IPUIPlugin:80 - create IPUIPlugin
2024-08-26 20:57:56,199 [INFO] PluginManager:220 - loadIPPluginJar : add touchsensing
2024-08-26 20:57:56,223 [INFO] IPUIPlugin:80 - create IPUIPlugin
2024-08-26 20:57:56,224 [INFO] PluginManager:220 - loadIPPluginJar : add tracer_emb
2024-08-26 20:57:56,248 [INFO] IPUIPlugin:80 - create IPUIPlugin
2024-08-26 20:57:56,248 [INFO] PluginManager:220 - loadIPPluginJar : add ts
2024-08-26 20:57:56,273 [INFO] IPUIPlugin:80 - create IPUIPlugin
2024-08-26 20:57:56,273 [INFO] PluginManager:220 - loadIPPluginJar : add tsc
2024-08-26 20:57:56,298 [INFO] IPUIPlugin:80 - create IPUIPlugin
2024-08-26 20:57:56,298 [INFO] PluginManager:220 - loadIPPluginJar : add ucpd
2024-08-26 20:57:56,346 [INFO] IPUIPlugin:80 - create IPUIPlugin
2024-08-26 20:57:56,346 [INFO] PluginManager:220 - loadIPPluginJar : add usart
2024-08-26 20:57:56,397 [INFO] IPUIPlugin:80 - create IPUIPlugin
2024-08-26 20:57:56,397 [INFO] PluginManager:220 - loadIPPluginJar : add usbx
2024-08-26 20:57:56,538 [INFO] CADModel:165 - CPN selected for project level
2024-08-26 20:57:56,539 [INFO] CADModel:114 - Register for checkConnection events
2024-08-26 20:57:56,539 [FATAL] Updater:308 - Updater called before beeing initialized
2024-08-26 20:57:56,539 [ERROR] CADModel:125 - Updater not yet initialized, retry later 
2024-08-26 20:57:56,722 [INFO] CADModel:165 - CPN selected for project level
2024-08-26 20:57:56,722 [INFO] CADModel:114 - Register for checkConnection events
2024-08-26 20:57:56,722 [FATAL] Updater:308 - Updater called before beeing initialized
2024-08-26 20:57:56,722 [ERROR] CADModel:125 - Updater not yet initialized, retry later 
2024-08-26 20:57:56,726 [INFO] ThirdPartyUpdaterWithRetryManager:70 - Updater plugin not ready yet. [2/15]
2024-08-26 20:57:56,727 [FATAL] Updater:308 - Updater called before beeing initialized
2024-08-26 20:57:56,847 [FATAL] Updater:308 - Updater called before beeing initialized
2024-08-26 20:57:56,857 [INFO] DbMcusAds:53 - JSON generation date=Thu May 16 12:22:00 TRT 2024 (1715851320667)
2024-08-26 20:57:56,857 [FATAL] Updater:308 - Updater called before beeing initialized
2024-08-26 20:57:56,940 [WARN] DetailPanel:346 - Failed to get advertising image, set to default
2024-08-26 20:57:57,035 [FATAL] Updater:308 - Updater called before beeing initialized
2024-08-26 20:57:57,037 [FATAL] Updater:308 - Updater called before beeing initialized
2024-08-26 20:57:57,037 [FATAL] Updater:308 - Updater called before beeing initialized
2024-08-26 20:57:57,038 [WARN] DetailPanel:346 - Failed to get advertising image, set to default
2024-08-26 20:57:57,038 [FATAL] Updater:308 - Updater called before beeing initialized
2024-08-26 20:57:57,105 [ERROR] Updater:1120 - MainUpdater not yet initialized. External WinMGr cannot be set.
2024-08-26 20:57:57,116 [INFO] Updater:1056 - Updater Version found : 6.10.0
2024-08-26 20:57:57,136 [INFO] ApplicationProperties:184 - Using Application install path: C:\ST\STM32CubeIDE_1.14.1\STM32CubeIDE\plugins\com.st.stm32cube.common.mx_6.10.0.202311202037
2024-08-26 20:57:58,726 [ERROR] LogOutputStream:75 - [STDERR_REDIRECT] Aug 26, 2024 8:57:58 PM java.util.prefs.WindowsPreferences <init>
2024-08-26 20:57:58,736 [ERROR] LogOutputStream:75 - [STDERR_REDIRECT] WARNING: Could not open/create prefs root node Software\JavaSoft\Prefs at root 0xffffffff80000002. Windows RegCreateKeyEx(...) returned error code 5.
2024-08-26 20:57:58,737 [ERROR] LogOutputStream:75 - [STDERR_REDIRECT] 
2024-08-26 20:57:59,241 [INFO] MainUpdater:2873 - connection check result : 10
2024-08-26 20:57:59,242 [INFO] MainUpdater:290 - Updater Check For Update Now.
2024-08-26 20:57:59,242 [INFO] MicroXplorer:498 - Change Database Version : DB.6.0.100
2024-08-26 20:57:59,266 [INFO] McuFinderGlobals:63 - Set McuFinder mode to 2 (CubeIDE integrated)
2024-08-26 20:57:59,266 [INFO] UserAuth:180 - activating auth plugin
2024-08-26 20:57:59,272 [INFO] UserAuth:404 - Internet connection configuration mode: 1
2024-08-26 20:57:59,311 [INFO] JxBrowserEngine:152 - Initiate JxBrowser Engine with user profile folder
2024-08-26 20:57:59,513 [INFO] CheckServerUpdateThread:120 - End of CheckServer Thread
2024-08-26 20:57:59,695 [INFO] MainUpdater:2873 - connection check result : 10
2024-08-26 20:57:59,727 [INFO] McuFinderGlobals:76 - Set McuFinderConnectedMode to true
2024-08-26 20:57:59,728 [ERROR] WebUtils:655 - Updater is busy
2024-08-26 20:58:00,134 [WARN] PackLoader:240 - Cannot read IP mode file for STMicroelectronics.FP-SNS-MOTENVWB1.1.4.0
2024-08-26 20:58:00,159 [WARN] PackLoader:240 - Cannot read IP mode file for STMicroelectronics.X-CUBE-SMBUS.2.1.0
2024-08-26 20:58:00,178 [WARN] PackLoader:240 - Cannot read IP mode file for STMicroelectronics.X-CUBE-TOUCHGFX.4.23.0
2024-08-26 20:58:00,243 [WARN] PackLoader:240 - Cannot read IP mode file for STMicroelectronics.X-CUBE-AZRTOS-F7.1.1.0
2024-08-26 20:58:00,270 [WARN] PackLoader:240 - Cannot read IP mode file for STMicroelectronics.FP-SNS-MOTENV1.4.3.2
2024-08-26 20:58:00,410 [WARN] PackLoader:240 - Cannot read IP mode file for STMicroelectronics.X-CUBE-MEMS1.11.0.0
2024-08-26 20:58:00,665 [WARN] PackLoader:240 - Cannot read IP mode file for STMicroelectronics.FP-SNS-FLIGHT1.5.0.2
2024-08-26 20:58:00,693 [WARN] PackLoader:240 - Cannot read IP mode file for STMicroelectronics.X-CUBE-DISPLAY.3.0.0
2024-08-26 20:58:00,728 [WARN] PackLoader:240 - Cannot read IP mode file for STMicroelectronics.X-CUBE-BLE1.7.0.0
2024-08-26 20:58:00,751 [WARN] PackLoader:240 - Cannot read IP mode file for emotas.I-CUBE-CANOPEN.1.3.0
2024-08-26 20:58:00,782 [WARN] PackLoader:240 - Cannot read IP mode file for STMicroelectronics.X-CUBE-BLEMGR.3.1.0
2024-08-26 20:58:00,803 [WARN] PackLoader:240 - Cannot read IP mode file for STMicroelectronics.FP-SNS-SMARTAG2.1.2.0
2024-08-26 20:58:00,833 [INFO] LogOutputStream:77 - [STDOUT_REDIRECT] 1 : Invalid condition id : UX_CORESTACK_Condition cause : null
2024-08-26 20:58:00,834 [INFO] LogOutputStream:77 - [STDOUT_REDIRECT] 1 : Invalid condition id : UX_CORESTACK_Condition cause : null
2024-08-26 20:58:00,835 [INFO] LogOutputStream:77 - [STDOUT_REDIRECT] 1 : Invalid condition id : UX_CORESTACK_Condition cause : null
2024-08-26 20:58:00,838 [INFO] LogOutputStream:77 - [STDOUT_REDIRECT] 1 : Invalid condition id : UX_CORESTACK_Condition cause : null
2024-08-26 20:58:00,839 [INFO] LogOutputStream:77 - [STDOUT_REDIRECT] 1 : Invalid condition id : UX_CORESTACK_Condition cause : null
2024-08-26 20:58:00,843 [WARN] PackLoader:240 - Cannot read IP mode file for STMicroelectronics.X-CUBE-AZRTOS-WL.2.0.0
2024-08-26 20:58:00,860 [WARN] PackLoader:240 - Cannot read IP mode file for STMicroelectronics.FP-SNS-MOTENV1.5.0.0
2024-08-26 20:58:00,875 [WARN] PackLoader:240 - Cannot read IP mode file for wolfSSL.I-CUBE-wolfMQTT.1.19.0
2024-08-26 20:58:00,894 [WARN] PackLoader:240 - Cannot read IP mode file for WES.I-CUBE-Cesium.1.3.0
2024-08-26 20:58:00,911 [WARN] PackLoader:240 - Cannot read IP mode file for STMicroelectronics.X-CUBE-BLE2.3.3.0
2024-08-26 20:58:00,932 [WARN] PackLoader:240 - Cannot read IP mode file for STMicroelectronics.X-CUBE-TCPP.4.1.0
2024-08-26 20:58:00,954 [WARN] PackLoader:240 - Cannot read IP mode file for STMicroelectronics.X-CUBE-ALGOBUILD.1.3.0
2024-08-26 20:58:00,989 [WARN] PackLoader:240 - Cannot read IP mode file for STMicroelectronics.X-CUBE-AZRTOS-G0.1.1.0
2024-08-26 20:58:01,011 [WARN] PackLoader:240 - Cannot read IP mode file for STMicroelectronics.X-CUBE-SAFEA1.1.2.2
2024-08-26 20:58:01,027 [WARN] PackLoader:240 - Cannot read IP mode file for STMicroelectronics.X-CUBE-NFC4.3.0.0
2024-08-26 20:58:01,055 [WARN] PackLoader:240 - Cannot read IP mode file for EmbeddedOffice.I-CUBE-FS-RTOS.1.0.1
2024-08-26 20:58:01,055 [ERROR] ConditionMgr:805 - Attr not supported : Dmpu
2024-08-26 20:58:01,055 [ERROR] ConditionMgr:805 - Attr not supported : Dmpu
2024-08-26 20:58:01,055 [ERROR] ConditionMgr:805 - Attr not supported : Dmpu
2024-08-26 20:58:01,055 [ERROR] ConditionMgr:805 - Attr not supported : Dmpu
2024-08-26 20:58:01,055 [ERROR] ConditionMgr:805 - Attr not supported : Dmpu
2024-08-26 20:58:01,055 [ERROR] ConditionMgr:805 - Attr not supported : Dmpu
2024-08-26 20:58:01,055 [ERROR] ConditionMgr:805 - Attr not supported : Dmpu
2024-08-26 20:58:01,055 [ERROR] ConditionMgr:805 - Attr not supported : Dmpu
2024-08-26 20:58:01,055 [ERROR] ConditionMgr:805 - Attr not supported : Dmpu
2024-08-26 20:58:01,056 [ERROR] ConditionMgr:805 - Attr not supported : Dmpu
2024-08-26 20:58:01,056 [ERROR] ConditionMgr:805 - Attr not supported : Dmpu
2024-08-26 20:58:01,056 [ERROR] ConditionMgr:805 - Attr not supported : Dmpu
2024-08-26 20:58:01,056 [ERROR] ConditionMgr:805 - Attr not supported : Dmpu
2024-08-26 20:58:01,056 [ERROR] ConditionMgr:805 - Attr not supported : Dmpu
2024-08-26 20:58:01,056 [ERROR] ConditionMgr:805 - Attr not supported : Dmpu
2024-08-26 20:58:01,056 [ERROR] ConditionMgr:805 - Attr not supported : Dmpu
2024-08-26 20:58:01,056 [ERROR] ConditionMgr:805 - Attr not supported : Dmpu
2024-08-26 20:58:01,056 [ERROR] ConditionMgr:805 - Attr not supported : Dmpu
2024-08-26 20:58:01,056 [ERROR] ConditionMgr:805 - Attr not supported : Dmpu
2024-08-26 20:58:01,056 [ERROR] ConditionMgr:805 - Attr not supported : Dmpu
2024-08-26 20:58:01,056 [ERROR] ConditionMgr:805 - Attr not supported : Dmpu
2024-08-26 20:58:01,056 [ERROR] ConditionMgr:805 - Attr not supported : Dmpu
2024-08-26 20:58:01,056 [ERROR] ConditionMgr:805 - Attr not supported : Dmpu
2024-08-26 20:58:01,056 [ERROR] ConditionMgr:805 - Attr not supported : Dmpu
2024-08-26 20:58:01,056 [ERROR] ConditionMgr:805 - Attr not supported : Dmpu
2024-08-26 20:58:01,057 [ERROR] ConditionMgr:805 - Attr not supported : Dmpu
2024-08-26 20:58:01,057 [ERROR] ConditionMgr:805 - Attr not supported : Dmpu
2024-08-26 20:58:01,057 [ERROR] ConditionMgr:805 - Attr not supported : Dmpu
2024-08-26 20:58:01,057 [ERROR] ConditionMgr:805 - Attr not supported : Dmpu
2024-08-26 20:58:01,057 [ERROR] ConditionMgr:805 - Attr not supported : Dmpu
2024-08-26 20:58:01,057 [ERROR] ConditionMgr:805 - Attr not supported : Dmpu
2024-08-26 20:58:01,057 [ERROR] ConditionMgr:805 - Attr not supported : Dmpu
2024-08-26 20:58:01,057 [ERROR] ConditionMgr:805 - Attr not supported : Dmpu
2024-08-26 20:58:01,057 [ERROR] ConditionMgr:805 - Attr not supported : Dmpu
2024-08-26 20:58:01,057 [ERROR] ConditionMgr:805 - Attr not supported : Dmpu
2024-08-26 20:58:01,057 [ERROR] ConditionMgr:805 - Attr not supported : Dmpu
2024-08-26 20:58:01,057 [ERROR] ConditionMgr:805 - Attr not supported : Dmpu
2024-08-26 20:58:01,057 [ERROR] ConditionMgr:805 - Attr not supported : Dmpu
2024-08-26 20:58:01,057 [ERROR] ConditionMgr:805 - Attr not supported : Dmpu
2024-08-26 20:58:01,057 [ERROR] ConditionMgr:805 - Attr not supported : Dmpu
2024-08-26 20:58:01,058 [ERROR] ConditionMgr:805 - Attr not supported : Dmpu
2024-08-26 20:58:01,058 [ERROR] ConditionMgr:805 - Attr not supported : Dmpu
2024-08-26 20:58:01,058 [ERROR] ConditionMgr:805 - Attr not supported : Dmpu
2024-08-26 20:58:01,058 [ERROR] ConditionMgr:805 - Attr not supported : Dmpu
2024-08-26 20:58:01,058 [ERROR] ConditionMgr:805 - Attr not supported : Dmpu
2024-08-26 20:58:01,058 [ERROR] ConditionMgr:805 - Attr not supported : Dmpu
2024-08-26 20:58:01,058 [ERROR] ConditionMgr:805 - Attr not supported : Dmpu
2024-08-26 20:58:01,058 [ERROR] ConditionMgr:805 - Attr not supported : Dmpu
2024-08-26 20:58:01,058 [ERROR] ConditionMgr:805 - Attr not supported : Dmpu
2024-08-26 20:58:01,058 [ERROR] ConditionMgr:805 - Attr not supported : Dmpu
2024-08-26 20:58:01,058 [ERROR] ConditionMgr:805 - Attr not supported : Dmpu
2024-08-26 20:58:01,058 [ERROR] ConditionMgr:805 - Attr not supported : Dmpu
2024-08-26 20:58:01,058 [ERROR] ConditionMgr:805 - Attr not supported : Dmpu
2024-08-26 20:58:01,058 [ERROR] ConditionMgr:805 - Attr not supported : Dmpu
2024-08-26 20:58:01,058 [ERROR] ConditionMgr:805 - Attr not supported : Dmpu
2024-08-26 20:58:01,059 [ERROR] ConditionMgr:805 - Attr not supported : Dmpu
2024-08-26 20:58:01,059 [ERROR] ConditionMgr:805 - Attr not supported : Dmpu
2024-08-26 20:58:01,059 [ERROR] ConditionMgr:805 - Attr not supported : Dmpu
2024-08-26 20:58:01,059 [ERROR] ConditionMgr:805 - Attr not supported : Dmpu
2024-08-26 20:58:01,059 [ERROR] ConditionMgr:805 - Attr not supported : Dmpu
2024-08-26 20:58:01,059 [ERROR] ConditionMgr:805 - Attr not supported : Dmpu
2024-08-26 20:58:01,059 [ERROR] ConditionMgr:805 - Attr not supported : Dmpu
2024-08-26 20:58:01,059 [ERROR] ConditionMgr:805 - Attr not supported : Dmpu
2024-08-26 20:58:01,059 [ERROR] ConditionMgr:805 - Attr not supported : Dmpu
2024-08-26 20:58:01,074 [WARN] PackLoader:240 - Cannot read IP mode file for RealThread.X-CUBE-RT-Thread_Nano.4.1.1
2024-08-26 20:58:01,089 [WARN] PackLoader:240 - Cannot read IP mode file for STMicroelectronics.FP-ATR-SIGFOX1.3.2.0
2024-08-26 20:58:01,106 [WARN] PackLoader:240 - Cannot read IP mode file for STMicroelectronics.X-CUBE-EEPRMA1.5.1.0
2024-08-26 20:58:01,166 [WARN] PackLoader:240 - Cannot read IP mode file for SEGGER.I-CUBE-embOS.1.3.1
2024-08-26 20:58:01,234 [WARN] PackLoader:240 - Cannot read IP mode file for STMicroelectronics.X-CUBE-ALGOBUILD.1.4.0
2024-08-26 20:58:01,247 [WARN] PackLoader:240 - Cannot read IP mode file for STMicroelectronics.X-CUBE-GNSS1.6.0.0
2024-08-26 20:58:01,286 [WARN] PackLoader:240 - Cannot read IP mode file for STMicroelectronics.X-CUBE-AZRTOS-F4.1.1.0
2024-08-26 20:58:01,303 [WARN] PackLoader:240 - Cannot read IP mode file for STMicroelectronics.X-CUBE-FREERTOS.1.2.0
2024-08-26 20:58:01,320 [WARN] PackLoader:240 - Cannot read IP mode file for wolfSSL.I-CUBE-wolfSSL.5.6.6
2024-08-26 20:58:01,357 [WARN] PackLoader:240 - Cannot read IP mode file for STMicroelectronics.X-CUBE-AZRTOS-L5.2.0.0
2024-08-26 20:58:01,378 [WARN] PackLoader:240 - Cannot read IP mode file for STMicroelectronics.X-CUBE-NFC6.3.1.0
2024-08-26 20:58:01,399 [WARN] PackLoader:240 - Cannot read IP mode file for ITTIA_DB.I-CUBE-ITTIADB.8.8.0
2024-08-26 20:58:01,417 [WARN] PackLoader:240 - Cannot read IP mode file for STMicroelectronics.X-CUBE-DPower.1.2.0
2024-08-26 20:58:01,431 [WARN] PackLoader:240 - Cannot read IP mode file for STMicroelectronics.X-CUBE-AI.9.0.0
2024-08-26 20:58:01,445 [WARN] PackLoader:240 - Cannot read IP mode file for STMicroelectronics.X-CUBE-NFC7.1.0.1
2024-08-26 20:58:01,461 [WARN] PackLoader:240 - Cannot read IP mode file for wolfSSL.I-CUBE-wolfTPM.3.2.0
2024-08-26 20:58:01,477 [WARN] PackLoader:240 - Cannot read IP mode file for STMicroelectronics.X-CUBE-NFC6.3.0.0
2024-08-26 20:58:01,493 [WARN] PackLoader:240 - Cannot read IP mode file for STMicroelectronics.X-CUBE-AI.8.1.0
2024-08-26 20:58:01,527 [WARN] ConditionMgr:438 - getConditionDescription Invalid condition id : LAN8742 Phy interface Condition cause : null
2024-08-26 20:58:01,528 [WARN] PackLoader:240 - Cannot read IP mode file for STMicroelectronics.X-CUBE-AZRTOS-L4.2.0.0
2024-08-26 20:58:01,530 [WARN] ConditionMgr:1039 - genDependencies : Invalid condition id : LAN8742 Phy interface Condition cause : null
2024-08-26 20:58:01,530 [WARN] ConditionMgr:1039 - genDependencies : Invalid condition id : LAN8742 Phy interface Condition cause : null
2024-08-26 20:58:01,531 [WARN] ConditionMgr:1039 - genDependencies : Invalid condition id : LAN8742 Phy interface Condition cause : null
2024-08-26 20:58:01,549 [WARN] PackLoader:240 - Cannot read IP mode file for STMicroelectronics.X-CUBE-SFXS2LP1.4.0.0
2024-08-26 20:58:01,582 [WARN] PackLoader:240 - Cannot read IP mode file for STMicroelectronics.X-CUBE-AZRTOS-H7.3.3.0
2024-08-26 20:58:01,614 [WARN] ConditionMgr:438 - getConditionDescription Invalid condition id : UX DEVICE CLASS RTOS Condition cause : null
2024-08-26 20:58:01,614 [WARN] ConditionMgr:438 - getConditionDescription Invalid condition id : UX DEVICE CLASS RTOS Condition cause : null
2024-08-26 20:58:01,617 [WARN] PackLoader:240 - Cannot read IP mode file for STMicroelectronics.X-CUBE-AZRTOS-WB.2.0.0
2024-08-26 20:58:01,618 [WARN] ConditionMgr:1039 - genDependencies : Invalid condition id : UX DEVICE CLASS RTOS Condition cause : null
2024-08-26 20:58:01,618 [WARN] ConditionMgr:1039 - genDependencies : Invalid condition id : UX DEVICE CLASS RTOS Condition cause : null
2024-08-26 20:58:01,618 [WARN] ConditionMgr:1039 - genDependencies : Invalid condition id : UX DEVICE CLASS RTOS Condition cause : null
2024-08-26 20:58:01,619 [WARN] ConditionMgr:1039 - genDependencies : Invalid condition id : UX DEVICE CLASS RTOS Condition cause : null
2024-08-26 20:58:01,619 [WARN] ConditionMgr:1039 - genDependencies : Invalid condition id : UX DEVICE CLASS RTOS Condition cause : null
2024-08-26 20:58:01,639 [WARN] PackLoader:240 - Cannot read IP mode file for STMicroelectronics.FP-SNS-STBOX1.2.0.0
2024-08-26 20:58:01,667 [WARN] PackLoader:240 - Cannot read IP mode file for STMicroelectronics.X-CUBE-SUBG2.5.0.0
2024-08-26 20:58:01,683 [WARN] PackLoader:240 - Cannot read IP mode file for Cesanta.I-CUBE-Mongoose.7.13.0
2024-08-26 20:58:01,711 [WARN] PackLoader:240 - Cannot read IP mode file for STMicroelectronics.X-CUBE-AZRTOS-G4.2.0.0
2024-08-26 20:58:01,743 [WARN] PackLoader:240 - Cannot read IP mode file for Infineon.AIROC-Wi-Fi-Bluetooth-STM32.1.5.1
2024-08-26 20:58:01,758 [WARN] PackLoader:240 - Cannot read IP mode file for STMicroelectronics.FP-SNS-MOTENVWB1.1.3.1
2024-08-26 20:58:01,771 [WARN] PackLoader:240 - Cannot read IP mode file for STMicroelectronics.X-CUBE-ISPU.2.0.0
2024-08-26 20:58:01,784 [WARN] PackLoader:240 - Cannot read IP mode file for STMicroelectronics.X-CUBE-ALS.1.0.2
2024-08-26 20:58:01,836 [WARN] PackLoader:240 - Cannot read IP mode file for STMicroelectronics.X-CUBE-MEMS1.10.0.0
2024-08-26 20:58:01,928 [WARN] PackLoader:240 - Cannot read IP mode file for STMicroelectronics.X-CUBE-FREERTOS.1.1.0
2024-08-26 20:58:01,942 [WARN] PackLoader:240 - Cannot read IP mode file for STMicroelectronics.X-CUBE-TOUCHGFX.4.24.0
2024-08-26 20:58:01,960 [WARN] PackLoader:240 - Cannot read IP mode file for portGmbH.I-Cube-SoM-uGOAL.1.1.0
2024-08-26 20:58:01,973 [WARN] PackLoader:240 - Cannot read IP mode file for STMicroelectronics.X-CUBE-ALS.1.0.1
2024-08-26 20:58:02,007 [WARN] PackLoader:240 - Cannot read IP mode file for STMicroelectronics.X-CUBE-AZRTOS-H7RS.1.0.0
2024-08-26 20:58:02,029 [WARN] PackLoader:240 - Cannot read IP mode file for STMicroelectronics.FP-ATR-ASTRA1.2.0.0
2024-08-26 20:58:02,051 [WARN] PackLoader:240 - Cannot read IP mode file for STMicroelectronics.X-CUBE-TOF1.3.4.2
2024-08-26 20:58:02,078 [WARN] PackLoader:240 - Cannot read IP mode file for STMicroelectronics.X-CUBE-TOF1.3.4.0
2024-08-26 20:58:02,118 [WARN] PackLoader:240 - Cannot read IP mode file for STMicroelectronics.X-CUBE-AZRTOS-H7.3.2.0
2024-08-26 20:58:02,135 [WARN] PackLoader:240 - Cannot read IP mode file for wolfSSL.I-CUBE-wolfSSH.1.4.17
2024-08-26 20:58:02,136 [INFO] ThirdParty:978 - Integrity check success = true
2024-08-26 20:58:02,136 [INFO] IntegrityCheckThread:100 - exiting critical section [integrity check]
2024-08-26 20:58:02,136 [INFO] IntegrityCheckThread:103 - End integrity checks thread
2024-08-26 20:58:03,441 [INFO] DbMcusAds:53 - JSON generation date=Thu May 16 12:22:00 TRT 2024 (1715851320667)
2024-08-26 20:58:03,468 [ERROR] TargetSelectorAdapter:267 - Unable to refresh data
2024-08-26 20:58:03,735 [INFO] WebApp:161 - Instantiating new browser for Auth
2024-08-26 20:58:04,080 [INFO] ApiDb:581 - Connected to CubeFinder SQLite database (C:\Users\Berk\.stmcufinder\plugins\mcufinder\mcu\cube-finder-db.db)
2024-08-26 20:58:04,217 [INFO] ApiDb:668 - CubeFinder database Data Model version=2.1
2024-08-26 20:58:04,217 [INFO] ApiDb:669 - CubeFinder database Configuration version=3.0.39
2024-08-26 20:58:04,217 [INFO] ApiDb:670 - CubeFinder database generation date=2024-08-06 (1722941618)
2024-08-26 20:58:04,217 [INFO] ApiDb:671 - CubeFinder database FW Pack versions=[FP-ATR-ASTRA1_V2.0.0, FP-SNS-FLIGHT1_V5.0.2, FP-SNS-MOTENV1_V5.0.0, FP-SNS-MOTENVWB1_V1.4.0, FP-SNS-SMARTAG2_V1.2.0, FP-SNS-STBOX1_V2.0.0, STM32Cube_FW_C0_V1.2.0, STM32Cube_FW_F4_V1.28.0, STM32Cube_FW_F7_V1.17.2, STM32Cube_FW_G0_V1.6.2, STM32Cube_FW_G4_V1.6.0, STM32Cube_FW_H5_V1.3.0, STM32Cube_FW_H7RS_V1.1.0, STM32Cube_FW_H7_V1.11.2, STM32Cube_FW_L0_V1.12.2, STM32Cube_FW_L5_V1.5.1, STM32Cube_FW_U0_V1.1.0, STM32Cube_FW_U5_V1.6.0, STM32Cube_FW_WB0_V1.0.0, STM32Cube_FW_WBA_V1.4.1, STM32Cube_FW_WB_V1.20.0, STM32Cube_FW_WL_V1.3.0, X-CUBE-ALGOBUILD_V1.4.0, X-CUBE-ALS_V1.0.2, X-CUBE-AZRTOS-F4_V1.1.0, X-CUBE-AZRTOS-F7_V1.1.0, X-CUBE-AZRTOS-G0_V1.1.0, X-CUBE-AZRTOS-G4_V2.0.0, X-CUBE-AZRTOS-H7RS_V1.0.0, X-CUBE-AZRTOS-H7_V3.2.0, X-CUBE-AZRTOS-L4_V2.0.0, X-CUBE-AZRTOS-L5_V1.1.0, X-CUBE-AZRTOS-WB_V2.0.0, X-CUBE-AZRTOS-WL_V2.0.0, X-CUBE-BLE1_V7.0.0, X-CUBE-BLE2_V3.3.0, X-CUBE-BLEMGR_V3.1.0, X-CUBE-EEPRMA1_V5.1.0, X-CUBE-FREERTOS_V1.2.0, X-CUBE-GNSS1_V6.0.0, X-CUBE-MEMS1_V10.0.0, X-CUBE-NFC4_V3.0.0, X-CUBE-NFC7_V1.0.1, X-CUBE-SFXS2LP1_V4.0.0, X-CUBE-SUBG2_V5.0.0, X-CUBE-TOF1_V3.4.2]
2024-08-26 20:58:04,415 [INFO] DbBoardsSqlite:226 - include board P-NUCLEO-WB55-NUCLEO as a kit item of type 'Nucleo-64'
2024-08-26 20:58:04,415 [INFO] DbBoardsSqlite:226 - include board P-NUCLEO-WB55-USBDONGLE as a kit item of type 'Nucleo USB Dongle'
2024-08-26 20:58:04,417 [INFO] DbBoardsSqlite:226 - include board STEVAL-IDP005V1 as a kit item of type 'Evaluation Board'
2024-08-26 20:58:04,417 [INFO] DbBoardsSqlite:226 - include board STEVAL-IDP005V2 as a kit item of type 'Evaluation Board'
2024-08-26 20:58:04,526 [INFO] WebApp:780 - Register for checkConnection events
2024-08-26 20:58:04,526 [INFO] WebApp:414 - Apply proxy settings
2024-08-26 20:58:04,526 [INFO] WebApp:499 - Chromium requires no authentication
2024-08-26 20:58:04,534 [INFO] WebApp:442 - Direct internet connection detected
2024-08-26 20:58:04,721 [INFO] WebApp:192 - Starting web application
2024-08-26 20:58:04,721 [INFO] WebApp:544 - Web application path used C:\ST\STM32CubeIDE_1.14.1\STM32CubeIDE\plugins\com.st.stm32cube.common.mx_6.10.0.202311202037\db\plugins\mcufinder\reactClient1\index.html
2024-08-26 20:58:05,026 [INFO] ApiDb:240 - Found 371 in-development CPN: [B-G473E-ZEST1S, B-WB1M-WPAN1, B-WL5M-SUBG1, NUCLEO-C031C6, NUCLEO-H503RB, NUCLEO-H563ZI, NUCLEO-U545RE-Q, NUCLEO-U5A5ZJ-Q, NUCLEO-WBA52CG, NUCLEO-WBA55CG, STEVAL-MKBOXPRO, STEVAL-PROTEUS1, STEVAL-STWINBX1, STM320518-EVAL, STM32C0116-DK, STM32C011D6Y3TR, STM32C011D6Y6TR, STM32C011F4P3, STM32C011F4P6, STM32C011F4U3, STM32C011F4U6TR, STM32C011F6P3, STM32C011F6P6, STM32C011F6U3, STM32C011F6U6TR, STM32C011J4M3, STM32C011J4M6, STM32C011J6M3, STM32C011J6M6, STM32C0316-DK, STM32C031C4T3, STM32C031C4T6, STM32C031C4U3, STM32C031C4U6, STM32C031C6T3, STM32C031C6T6, STM32C031C6U3, STM32C031C6U6, STM32C031F4P3, STM32C031F4P6, STM32C031F6P3, STM32C031F6P6, STM32C031G4U3, STM32C031G4U6, STM32C031G6U3, STM32C031G6U6, STM32C031K4T3, STM32C031K4T6, STM32C031K4U3, STM32C031K4U6, STM32C031K6T3, STM32C031K6T6, STM32C031K6U3, STM32C031K6U6, STM32G071K8TXN, STM32G071K8UXN, STM32G081GBU6N, STM32G081KBT6N, STM32G081KBUXN, STM32G0B1CCT6N, STM32G0B1KCT6, STM32G0B1NEY6TR, STM32G0B1RCT6N, STM32G0C1CCT6, STM32G0C1CCT6N, STM32G0C1CCU6N, STM32G0C1CET6N, STM32G0C1CEU6N, STM32G0C1KCT6, STM32G0C1NEY6TR, STM32G0C1RCI6N, STM32G0C1RCT6N, STM32G0C1REI6N, STM32G0C1RET6N, STM32G0C1VCI6, STM32G0C1VEI6, STM32G471CCT6, STM32G471CCU6, STM32G471CET3, STM32G471CET6, STM32G471CEU3, STM32G471CEU6, STM32G471MCT6, STM32G471MET3, STM32G471MET6, STM32G471MEY6TR, STM32G471QCT6, STM32G471QET3, STM32G471RCT6, STM32G471RET3, STM32G471RET6, STM32G471VCH6, STM32G471VCI6, STM32G471VCT6, STM32G471VEH3, STM32G471VEH6, STM32G471VEI3, STM32G471VEI6, STM32G471VET3, STM32G471VET6, STM32G474CCT6, STM32H503CBT6, STM32H503CBU6, STM32H503EBY6TR, STM32H503KBU6, STM32H503RBT6, STM32H562AGI6, STM32H562AII6, STM32H562IGK6, STM32H562IGT6, STM32H562IIK6, STM32H562IIT6, STM32H562RGT6, STM32H562RGV6, STM32H562RIT6, STM32H562RIV6, STM32H562VGT6, STM32H562VIT6, STM32H562ZGT6, STM32H562ZIT6, STM32H563AGI6, STM32H563AII3Q, STM32H563AII6, STM32H563IGK6, STM32H563IGT6, STM32H563IIK3Q, STM32H563IIK6, STM32H563IIT3Q, STM32H563IIT6, STM32H563MIY3QTR, STM32H563RGT6, STM32H563RGV6, STM32H563RIT6, STM32H563RIV6, STM32H563VGT6, STM32H563VIT3Q, STM32H563VIT6, STM32H563ZGT6, STM32H563ZIT3Q, STM32H563ZIT6, STM32H573AII3Q, STM32H573AII6, STM32H573I-DK, STM32H573IIK3Q, STM32H573IIK6, STM32H573IIT3Q, STM32H573IIT6, STM32H573MIY3QTR, STM32H573RIT6, STM32H573RIV6, STM32H573VIT3Q, STM32H573VIT6, STM32H573ZIT3Q, STM32H573ZIT6, STM32L4R5QGI6STR, STM32MP131AAE3, STM32MP131AAF3, STM32MP131AAG3, STM32MP131CAE3, STM32MP131CAF3, STM32MP131CAG3, STM32MP131DAE7, STM32MP131DAF7, STM32MP131DAG7, STM32MP131FAE7, STM32MP131FAF7, STM32MP131FAG7, STM32MP133AAE3, STM32MP133AAF3, STM32MP133AAG3, STM32MP133CAE3, STM32MP133CAF3, STM32MP133CAG3, STM32MP133DAE7, STM32MP133DAF7, STM32MP133DAG7, STM32MP133FAE7, STM32MP133FAF7, STM32MP133FAG7, STM32MP135AAE3, STM32MP135AAF3, STM32MP135AAG3, STM32MP135CAE3, STM32MP135CAF3, STM32MP135CAG3, STM32MP135DAE7, STM32MP135DAF7, STM32MP135DAG7, STM32MP135F-DK, STM32MP135FAE7, STM32MP135FAF7, STM32MP135FAF7T, STM32MP135FAF7U, STM32MP135FAG7, STM32U535CBT6, STM32U535CBT6Q, STM32U535CBU6, STM32U535CBU6Q, STM32U535CCT6, STM32U535CCT6Q, STM32U535CCU6, STM32U535CCU6Q, STM32U535CET6, STM32U535CET6Q, STM32U535CEU6, STM32U535CEU6Q, STM32U535JEY6QTR, STM32U535NCY6QTR, STM32U535NEY6QTR, STM32U535RBI6, STM32U535RBI6Q, STM32U535RBT6, STM32U535RBT6Q, STM32U535RCI6, STM32U535RCI6Q, STM32U535RCT6, STM32U535RCT6Q, STM32U535REI6, STM32U535REI6Q, STM32U535RET6, STM32U535RET6Q, STM32U535VCI6, STM32U535VCI6Q, STM32U535VCT6, STM32U535VCT6Q, STM32U535VEI6, STM32U535VEI6Q, STM32U535VET6, STM32U535VET6Q, STM32U545CET6, STM32U545CET6Q, STM32U545CEU6, STM32U545CEU6Q, STM32U545JEY6QTR, STM32U545NEY6QTR, STM32U545REI6, STM32U545REI6Q, STM32U545RET6, STM32U545RET6Q, STM32U545VEI6, STM32U545VEI6Q, STM32U545VET6, STM32U545VET6Q, STM32U595AIH6, STM32U595AIH6Q, STM32U595AJH6, STM32U595AJH6Q, STM32U595QII6, STM32U595QII6Q, STM32U595QJI6, STM32U595QJI6Q, STM32U595RIT6, STM32U595RIT6Q, STM32U595RJT6, STM32U595RJT6Q, STM32U595VIT6, STM32U595VIT6Q, STM32U595VJT6, STM32U595VJT6Q, STM32U595ZIT6, STM32U595ZIT6Q, STM32U595ZIY6QTR, STM32U595ZJT6, STM32U595ZJT6Q, STM32U595ZJY6QTR, STM32U599BJY6QTR, STM32U599NIH6Q, STM32U599NJH6Q, STM32U599VIT6Q, STM32U599VJT6, STM32U599VJT6Q, STM32U599ZIT6Q, STM32U599ZIY6QTR, STM32U599ZJT6Q, STM32U599ZJY6QTR, STM32U5A5AJH6, STM32U5A5AJH6Q, STM32U5A5QJI6, STM32U5A5QJI6Q, STM32U5A5RJT6, STM32U5A5RJT6Q, STM32U5A5VJT6, STM32U5A5VJT6Q, STM32U5A5ZJT6, STM32U5A5ZJT6Q, STM32U5A5ZJY6QTR, STM32U5A9BJY6QTR, STM32U5A9J-DK, STM32U5A9NJH6Q, STM32U5A9VJT6Q, STM32U5A9ZJT6Q, STM32U5A9ZJY6QTR, STM32U5F7VIT6, STM32U5F7VIT6Q, STM32U5F7VJT6, STM32U5F7VJT6Q, STM32U5F9BJY6QTR, STM32U5F9NJH6Q, STM32U5F9VIT6Q, STM32U5F9VJT6Q, STM32U5F9ZIJ6QTR, STM32U5F9ZIT6Q, STM32U5F9ZJJ6QTR, STM32U5F9ZJT6Q, STM32U5G7VJT6, STM32U5G7VJT6Q, STM32U5G9BJY6QTR, STM32U5G9J-DK1, STM32U5G9J-DK2, STM32U5G9NJH6Q, STM32U5G9VJT6Q, STM32U5G9ZJJ6QTR, STM32U5G9ZJT6Q, STM32WB1MMCH6, STM32WBA50KEU6, STM32WBA50KEU6TR, STM32WBA50KGU6, STM32WBA50KGU6TR, STM32WBA52CEU6, STM32WBA52CEU6TR, STM32WBA52CEU7, STM32WBA52CEU7TR, STM32WBA52CGU6, STM32WBA52CGU6TR, STM32WBA52CGU6U, STM32WBA52CGU7, STM32WBA52CGU7TR, STM32WBA52KEU6, STM32WBA52KEU6TR, STM32WBA52KGU6, STM32WBA52KGU6TR, STM32WBA54CEU6, STM32WBA54CEU6TR, STM32WBA54CEU7, STM32WBA54CEU7TR, STM32WBA54CGU6, STM32WBA54CGU6TR, STM32WBA54CGU7, STM32WBA54CGU7TR, STM32WBA54KEU6, STM32WBA54KEU6TR, STM32WBA54KEU7, STM32WBA54KEU7TR, STM32WBA54KGU6, STM32WBA54KGU6TR, STM32WBA54KGU7, STM32WBA54KGU7TR, STM32WBA55CEU6, STM32WBA55CEU6TR, STM32WBA55CEU7, STM32WBA55CEU7TR, STM32WBA55CGU6, STM32WBA55CGU6TR, STM32WBA55CGU6U, STM32WBA55CGU7, STM32WBA55CGU7TR, STM32WBA55G-DK1, STM32WBA55HEF6, STM32WBA55HEF7, STM32WBA55HGF6, STM32WBA55HGF7, STM32WBA55UEI6, STM32WBA55UEI6TR, STM32WBA55UEI7, STM32WBA55UEI7TR, STM32WBA55UGI6, STM32WBA55UGI6TR, STM32WBA55UGI7, STM32WBA55UGI7TR, STM32WL5MOCH6, STM32WL5MOCH6TR]
2024-08-26 20:58:05,029 [INFO] ApiDb:668 - CubeFinder database Data Model version=2.1
2024-08-26 20:58:05,029 [INFO] ApiDb:669 - CubeFinder database Configuration version=3.0.39
2024-08-26 20:58:05,029 [INFO] ApiDb:670 - CubeFinder database generation date=2024-08-06 (1722941618)
2024-08-26 20:58:05,030 [INFO] ApiDb:671 - CubeFinder database FW Pack versions=[FP-ATR-ASTRA1_V2.0.0, FP-SNS-FLIGHT1_V5.0.2, FP-SNS-MOTENV1_V5.0.0, FP-SNS-MOTENVWB1_V1.4.0, FP-SNS-SMARTAG2_V1.2.0, FP-SNS-STBOX1_V2.0.0, STM32Cube_FW_C0_V1.2.0, STM32Cube_FW_F4_V1.28.0, STM32Cube_FW_F7_V1.17.2, STM32Cube_FW_G0_V1.6.2, STM32Cube_FW_G4_V1.6.0, STM32Cube_FW_H5_V1.3.0, STM32Cube_FW_H7RS_V1.1.0, STM32Cube_FW_H7_V1.11.2, STM32Cube_FW_L0_V1.12.2, STM32Cube_FW_L5_V1.5.1, STM32Cube_FW_U0_V1.1.0, STM32Cube_FW_U5_V1.6.0, STM32Cube_FW_WB0_V1.0.0, STM32Cube_FW_WBA_V1.4.1, STM32Cube_FW_WB_V1.20.0, STM32Cube_FW_WL_V1.3.0, X-CUBE-ALGOBUILD_V1.4.0, X-CUBE-ALS_V1.0.2, X-CUBE-AZRTOS-F4_V1.1.0, X-CUBE-AZRTOS-F7_V1.1.0, X-CUBE-AZRTOS-G0_V1.1.0, X-CUBE-AZRTOS-G4_V2.0.0, X-CUBE-AZRTOS-H7RS_V1.0.0, X-CUBE-AZRTOS-H7_V3.2.0, X-CUBE-AZRTOS-L4_V2.0.0, X-CUBE-AZRTOS-L5_V1.1.0, X-CUBE-AZRTOS-WB_V2.0.0, X-CUBE-AZRTOS-WL_V2.0.0, X-CUBE-BLE1_V7.0.0, X-CUBE-BLE2_V3.3.0, X-CUBE-BLEMGR_V3.1.0, X-CUBE-EEPRMA1_V5.1.0, X-CUBE-FREERTOS_V1.2.0, X-CUBE-GNSS1_V6.0.0, X-CUBE-MEMS1_V10.0.0, X-CUBE-NFC4_V3.0.0, X-CUBE-NFC7_V1.0.1, X-CUBE-SFXS2LP1_V4.0.0, X-CUBE-SUBG2_V5.0.0, X-CUBE-TOF1_V3.4.2]
2024-08-26 20:58:07,451 [INFO] ApiDb:240 - Found 371 in-development CPN: [B-G473E-ZEST1S, B-WB1M-WPAN1, B-WL5M-SUBG1, NUCLEO-C031C6, NUCLEO-H503RB, NUCLEO-H563ZI, NUCLEO-U545RE-Q, NUCLEO-U5A5ZJ-Q, NUCLEO-WBA52CG, NUCLEO-WBA55CG, STEVAL-MKBOXPRO, STEVAL-PROTEUS1, STEVAL-STWINBX1, STM320518-EVAL, STM32C0116-DK, STM32C011D6Y3TR, STM32C011D6Y6TR, STM32C011F4P3, STM32C011F4P6, STM32C011F4U3, STM32C011F4U6TR, STM32C011F6P3, STM32C011F6P6, STM32C011F6U3, STM32C011F6U6TR, STM32C011J4M3, STM32C011J4M6, STM32C011J6M3, STM32C011J6M6, STM32C0316-DK, STM32C031C4T3, STM32C031C4T6, STM32C031C4U3, STM32C031C4U6, STM32C031C6T3, STM32C031C6T6, STM32C031C6U3, STM32C031C6U6, STM32C031F4P3, STM32C031F4P6, STM32C031F6P3, STM32C031F6P6, STM32C031G4U3, STM32C031G4U6, STM32C031G6U3, STM32C031G6U6, STM32C031K4T3, STM32C031K4T6, STM32C031K4U3, STM32C031K4U6, STM32C031K6T3, STM32C031K6T6, STM32C031K6U3, STM32C031K6U6, STM32G071K8TXN, STM32G071K8UXN, STM32G081GBU6N, STM32G081KBT6N, STM32G081KBUXN, STM32G0B1CCT6N, STM32G0B1KCT6, STM32G0B1NEY6TR, STM32G0B1RCT6N, STM32G0C1CCT6, STM32G0C1CCT6N, STM32G0C1CCU6N, STM32G0C1CET6N, STM32G0C1CEU6N, STM32G0C1KCT6, STM32G0C1NEY6TR, STM32G0C1RCI6N, STM32G0C1RCT6N, STM32G0C1REI6N, STM32G0C1RET6N, STM32G0C1VCI6, STM32G0C1VEI6, STM32G471CCT6, STM32G471CCU6, STM32G471CET3, STM32G471CET6, STM32G471CEU3, STM32G471CEU6, STM32G471MCT6, STM32G471MET3, STM32G471MET6, STM32G471MEY6TR, STM32G471QCT6, STM32G471QET3, STM32G471RCT6, STM32G471RET3, STM32G471RET6, STM32G471VCH6, STM32G471VCI6, STM32G471VCT6, STM32G471VEH3, STM32G471VEH6, STM32G471VEI3, STM32G471VEI6, STM32G471VET3, STM32G471VET6, STM32G474CCT6, STM32H503CBT6, STM32H503CBU6, STM32H503EBY6TR, STM32H503KBU6, STM32H503RBT6, STM32H562AGI6, STM32H562AII6, STM32H562IGK6, STM32H562IGT6, STM32H562IIK6, STM32H562IIT6, STM32H562RGT6, STM32H562RGV6, STM32H562RIT6, STM32H562RIV6, STM32H562VGT6, STM32H562VIT6, STM32H562ZGT6, STM32H562ZIT6, STM32H563AGI6, STM32H563AII3Q, STM32H563AII6, STM32H563IGK6, STM32H563IGT6, STM32H563IIK3Q, STM32H563IIK6, STM32H563IIT3Q, STM32H563IIT6, STM32H563MIY3QTR, STM32H563RGT6, STM32H563RGV6, STM32H563RIT6, STM32H563RIV6, STM32H563VGT6, STM32H563VIT3Q, STM32H563VIT6, STM32H563ZGT6, STM32H563ZIT3Q, STM32H563ZIT6, STM32H573AII3Q, STM32H573AII6, STM32H573I-DK, STM32H573IIK3Q, STM32H573IIK6, STM32H573IIT3Q, STM32H573IIT6, STM32H573MIY3QTR, STM32H573RIT6, STM32H573RIV6, STM32H573VIT3Q, STM32H573VIT6, STM32H573ZIT3Q, STM32H573ZIT6, STM32L4R5QGI6STR, STM32MP131AAE3, STM32MP131AAF3, STM32MP131AAG3, STM32MP131CAE3, STM32MP131CAF3, STM32MP131CAG3, STM32MP131DAE7, STM32MP131DAF7, STM32MP131DAG7, STM32MP131FAE7, STM32MP131FAF7, STM32MP131FAG7, STM32MP133AAE3, STM32MP133AAF3, STM32MP133AAG3, STM32MP133CAE3, STM32MP133CAF3, STM32MP133CAG3, STM32MP133DAE7, STM32MP133DAF7, STM32MP133DAG7, STM32MP133FAE7, STM32MP133FAF7, STM32MP133FAG7, STM32MP135AAE3, STM32MP135AAF3, STM32MP135AAG3, STM32MP135CAE3, STM32MP135CAF3, STM32MP135CAG3, STM32MP135DAE7, STM32MP135DAF7, STM32MP135DAG7, STM32MP135F-DK, STM32MP135FAE7, STM32MP135FAF7, STM32MP135FAF7T, STM32MP135FAF7U, STM32MP135FAG7, STM32U535CBT6, STM32U535CBT6Q, STM32U535CBU6, STM32U535CBU6Q, STM32U535CCT6, STM32U535CCT6Q, STM32U535CCU6, STM32U535CCU6Q, STM32U535CET6, STM32U535CET6Q, STM32U535CEU6, STM32U535CEU6Q, STM32U535JEY6QTR, STM32U535NCY6QTR, STM32U535NEY6QTR, STM32U535RBI6, STM32U535RBI6Q, STM32U535RBT6, STM32U535RBT6Q, STM32U535RCI6, STM32U535RCI6Q, STM32U535RCT6, STM32U535RCT6Q, STM32U535REI6, STM32U535REI6Q, STM32U535RET6, STM32U535RET6Q, STM32U535VCI6, STM32U535VCI6Q, STM32U535VCT6, STM32U535VCT6Q, STM32U535VEI6, STM32U535VEI6Q, STM32U535VET6, STM32U535VET6Q, STM32U545CET6, STM32U545CET6Q, STM32U545CEU6, STM32U545CEU6Q, STM32U545JEY6QTR, STM32U545NEY6QTR, STM32U545REI6, STM32U545REI6Q, STM32U545RET6, STM32U545RET6Q, STM32U545VEI6, STM32U545VEI6Q, STM32U545VET6, STM32U545VET6Q, STM32U595AIH6, STM32U595AIH6Q, STM32U595AJH6, STM32U595AJH6Q, STM32U595QII6, STM32U595QII6Q, STM32U595QJI6, STM32U595QJI6Q, STM32U595RIT6, STM32U595RIT6Q, STM32U595RJT6, STM32U595RJT6Q, STM32U595VIT6, STM32U595VIT6Q, STM32U595VJT6, STM32U595VJT6Q, STM32U595ZIT6, STM32U595ZIT6Q, STM32U595ZIY6QTR, STM32U595ZJT6, STM32U595ZJT6Q, STM32U595ZJY6QTR, STM32U599BJY6QTR, STM32U599NIH6Q, STM32U599NJH6Q, STM32U599VIT6Q, STM32U599VJT6, STM32U599VJT6Q, STM32U599ZIT6Q, STM32U599ZIY6QTR, STM32U599ZJT6Q, STM32U599ZJY6QTR, STM32U5A5AJH6, STM32U5A5AJH6Q, STM32U5A5QJI6, STM32U5A5QJI6Q, STM32U5A5RJT6, STM32U5A5RJT6Q, STM32U5A5VJT6, STM32U5A5VJT6Q, STM32U5A5ZJT6, STM32U5A5ZJT6Q, STM32U5A5ZJY6QTR, STM32U5A9BJY6QTR, STM32U5A9J-DK, STM32U5A9NJH6Q, STM32U5A9VJT6Q, STM32U5A9ZJT6Q, STM32U5A9ZJY6QTR, STM32U5F7VIT6, STM32U5F7VIT6Q, STM32U5F7VJT6, STM32U5F7VJT6Q, STM32U5F9BJY6QTR, STM32U5F9NJH6Q, STM32U5F9VIT6Q, STM32U5F9VJT6Q, STM32U5F9ZIJ6QTR, STM32U5F9ZIT6Q, STM32U5F9ZJJ6QTR, STM32U5F9ZJT6Q, STM32U5G7VJT6, STM32U5G7VJT6Q, STM32U5G9BJY6QTR, STM32U5G9J-DK1, STM32U5G9J-DK2, STM32U5G9NJH6Q, STM32U5G9VJT6Q, STM32U5G9ZJJ6QTR, STM32U5G9ZJT6Q, STM32WB1MMCH6, STM32WBA50KEU6, STM32WBA50KEU6TR, STM32WBA50KGU6, STM32WBA50KGU6TR, STM32WBA52CEU6, STM32WBA52CEU6TR, STM32WBA52CEU7, STM32WBA52CEU7TR, STM32WBA52CGU6, STM32WBA52CGU6TR, STM32WBA52CGU6U, STM32WBA52CGU7, STM32WBA52CGU7TR, STM32WBA52KEU6, STM32WBA52KEU6TR, STM32WBA52KGU6, STM32WBA52KGU6TR, STM32WBA54CEU6, STM32WBA54CEU6TR, STM32WBA54CEU7, STM32WBA54CEU7TR, STM32WBA54CGU6, STM32WBA54CGU6TR, STM32WBA54CGU7, STM32WBA54CGU7TR, STM32WBA54KEU6, STM32WBA54KEU6TR, STM32WBA54KEU7, STM32WBA54KEU7TR, STM32WBA54KGU6, STM32WBA54KGU6TR, STM32WBA54KGU7, STM32WBA54KGU7TR, STM32WBA55CEU6, STM32WBA55CEU6TR, STM32WBA55CEU7, STM32WBA55CEU7TR, STM32WBA55CGU6, STM32WBA55CGU6TR, STM32WBA55CGU6U, STM32WBA55CGU7, STM32WBA55CGU7TR, STM32WBA55G-DK1, STM32WBA55HEF6, STM32WBA55HEF7, STM32WBA55HGF6, STM32WBA55HGF7, STM32WBA55UEI6, STM32WBA55UEI6TR, STM32WBA55UEI7, STM32WBA55UEI7TR, STM32WBA55UGI6, STM32WBA55UGI6TR, STM32WBA55UGI7, STM32WBA55UGI7TR, STM32WL5MOCH6, STM32WL5MOCH6TR]
2024-08-26 20:58:07,457 [INFO] DbMcus:218 - Found 4203 MCUs, 4203 are supported
2024-08-26 20:58:07,466 [INFO] ApiDb:423 - Load user favorites file C:\Users\Berk/.stm32cubeide/favorites.mcus.txt: 2 item(s)
2024-08-26 20:58:07,466 [INFO] ApiDb:427 - User favorites MCUs=[STM32F407VGT6, STM32F411RET6]
2024-08-26 20:58:07,466 [INFO] DbMcus:224 - Set 2 / 2 favorites MCUs
2024-08-26 20:58:07,975 [INFO] BoardInfo:889 - No configuration file found for board NUCLEO-H533RE
2024-08-26 20:58:07,976 [INFO] DbBoards:161 - Board is not supported: NUCLEO-H533RE
2024-08-26 20:58:07,988 [INFO] BoardInfo:889 - No configuration file found for board NUCLEO-H7S3L8
2024-08-26 20:58:07,989 [INFO] DbBoards:161 - Board is not supported: NUCLEO-H7S3L8
2024-08-26 20:58:08,019 [INFO] BoardInfo:889 - No configuration file found for board NUCLEO-U031R8
2024-08-26 20:58:08,019 [INFO] DbBoards:161 - Board is not supported: NUCLEO-U031R8
2024-08-26 20:58:08,020 [INFO] BoardInfo:889 - No configuration file found for board NUCLEO-U083RC
2024-08-26 20:58:08,021 [INFO] DbBoards:161 - Board is not supported: NUCLEO-U083RC
2024-08-26 20:58:08,026 [INFO] BoardInfo:889 - No configuration file found for board NUCLEO-WB05KZ
2024-08-26 20:58:08,027 [INFO] DbBoards:161 - Board is not supported: NUCLEO-WB05KZ
2024-08-26 20:58:08,028 [INFO] BoardInfo:889 - No configuration file found for board NUCLEO-WB07CC
2024-08-26 20:58:08,028 [INFO] DbBoards:161 - Board is not supported: NUCLEO-WB07CC
2024-08-26 20:58:08,029 [INFO] BoardInfo:889 - No configuration file found for board NUCLEO-WB09KE
2024-08-26 20:58:08,030 [INFO] DbBoards:161 - Board is not supported: NUCLEO-WB09KE
2024-08-26 20:58:08,043 [INFO] BoardInfo:889 - No configuration file found for board P-NUCLEO-WB55
2024-08-26 20:58:08,044 [INFO] DbBoards:161 - Kit is not supported: P-NUCLEO-WB55
2024-08-26 20:58:08,051 [INFO] BoardInfo:889 - No configuration file found for board STEVAL-BFA001V1B
2024-08-26 20:58:08,051 [INFO] DbBoards:161 - Kit is not supported: STEVAL-BFA001V1B
2024-08-26 20:58:08,053 [INFO] BoardInfo:889 - No configuration file found for board STEVAL-BFA001V2B
2024-08-26 20:58:08,053 [INFO] DbBoards:161 - Kit is not supported: STEVAL-BFA001V2B
2024-08-26 20:58:08,204 [INFO] BoardInfo:889 - No configuration file found for board STM32H7S78-DK
2024-08-26 20:58:08,204 [INFO] DbBoards:161 - Board is not supported: STM32H7S78-DK
2024-08-26 20:58:08,236 [INFO] BoardInfo:889 - No configuration file found for board STM32MP257F-DK
2024-08-26 20:58:08,236 [INFO] DbBoards:161 - Board is not supported: STM32MP257F-DK
2024-08-26 20:58:08,237 [INFO] BoardInfo:889 - No configuration file found for board STM32MP257F-EV1
2024-08-26 20:58:08,237 [INFO] DbBoards:161 - Board is not supported: STM32MP257F-EV1
2024-08-26 20:58:08,239 [INFO] BoardInfo:889 - No configuration file found for board STM32U083C-DK
2024-08-26 20:58:08,239 [INFO] DbBoards:161 - Board is not supported: STM32U083C-DK
2024-08-26 20:58:08,249 [INFO] DbBoards:168 - Found 200 boards, 186 are supported
2024-08-26 20:58:08,249 [INFO] DbBoards:169 - Found 200 boards, 3 of them is supported for  Bsp
2024-08-26 20:58:08,256 [INFO] ApiDb:423 - Load user favorites file C:\Users\Berk/.stm32cubeide/favorites.boards.txt: 2 item(s)
2024-08-26 20:58:08,256 [INFO] ApiDb:427 - User favorites Boards=[NUCLEO-F411RE, STM32F407G-DISC1]
2024-08-26 20:58:08,256 [INFO] DbBoards:198 - Set 2 / 2 favorites Boards
2024-08-26 20:58:08,256 [INFO] McuFinderGlobals:76 - Set McuFinderConnectedMode to true
2024-08-26 20:58:08,262 [INFO] MultiScanPanel:200 - Auto-refresh data requested => check proxy status ongoing
2024-08-26 20:58:08,264 [INFO] FinderPluginLoader:95 - Searching for filters in installed packs
2024-08-26 20:58:09,607 [INFO] LoadUrlFilesThread:185 - End of LoadServerUrlFiles without Thread
2024-08-26 20:58:09,620 [INFO] DetailPanel:341 - Set advertising image to C:/Users/Berk/STM32Cube/Repository/\en.prom-stm32h7rs-mcu-finder.jpg
2024-08-26 20:58:25,801 [ERROR] LogOutputStream:75 - [STDERR_REDIRECT] SLF4J: Failed to load class "org.slf4j.impl.StaticLoggerBinder".
2024-08-26 20:58:25,803 [ERROR] LogOutputStream:75 - [STDERR_REDIRECT] SLF4J: Defaulting to no-operation (NOP) logger implementation
2024-08-26 20:58:25,804 [ERROR] LogOutputStream:75 - [STDERR_REDIRECT] SLF4J: See http://www.slf4j.org/codes.html#StaticLoggerBinder for further details.
2024-08-26 20:59:28,595 [INFO] MainUpdater:2873 - connection check result : 10
2024-08-26 20:59:28,595 [INFO] MainUpdater:2873 - connection check result : 10
2024-08-26 20:59:28,632 [INFO] MicroXplorer:468 - Change Database Path : 
2024-08-26 20:59:28,632 [INFO] MicroXplorer:498 - Change Database Version : DB.6.0.100
2024-08-26 20:59:28,639 [WARN] ThirdParty:871 - waiting for thirdparty lock release [close project]
2024-08-26 20:59:28,639 [INFO] ThirdParty:873 - entering critical section [close project]
2024-08-26 20:59:28,640 [INFO] ThirdParty:883 - exiting critical section [close project]
2024-08-26 20:59:28,643 [INFO] PinOutPanel:1499 - setPackage(No Configuration,No Configuration)
2024-08-26 20:59:28,649 [INFO] UtilMem:75 - Begin LoadConfig() Used Memory: 650633936 Bytes (1042284544)
2024-08-26 20:59:28,650 [INFO] MicroXplorer:468 - Change Database Path : 
2024-08-26 20:59:28,650 [INFO] MicroXplorer:498 - Change Database Version : DB.6.0.100
2024-08-26 20:59:28,651 [INFO] OpenFileManager:312 - Change cursor
2024-08-26 20:59:28,714 [INFO] Mcu:2016 - Initializing MCU STM32F407VGTx STM32F407VGTx STM32F407VGT6
2024-08-26 20:59:31,091 [INFO] Context:659 - Trying to add GPIOservice into a context  which must be forbidden
2024-08-26 20:59:31,808 [INFO] ImportTextPane:194 - (OptionalMessage_ERROR) Unable to find key (Mcu.ThirdPartyNb) in loaded IOC file
2024-08-26 20:59:31,808 [INFO] ImportTextPane:194 - (OptionalMessage_ERROR) Unable to find key (Mcu.PinsNb) in loaded IOC file
2024-08-26 20:59:31,808 [INFO] ImportTextPane:194 - (OptionalMessage_ERROR) Unable to find key (Mcu.IPNb) in loaded IOC file
2024-08-26 20:59:32,102 [INFO] RtosManager:555 - Registered RTOS mode: class=CMSIS, group=RTOS, mode=CMSIS_V1, owner=FREERTOS
2024-08-26 20:59:32,103 [INFO] RtosManager:555 - Registered RTOS mode: class=CMSIS, group=RTOS2, mode=CMSIS_V2, owner=FREERTOS
2024-08-26 20:59:32,103 [INFO] RtosManager:555 - Registered RTOS mode: class=RTOS, group=Core, mode=CMSIS_V1, owner=FREERTOS
2024-08-26 20:59:32,103 [INFO] RtosManager:555 - Registered RTOS mode: class=RTOS, group=Core, mode=CMSIS_V2, owner=FREERTOS
2024-08-26 20:59:32,103 [WARN] ModelIntegratedComponent:184 - Missing modes for component STMicroelectronics:FreeRTOS:0.0.1:STMicroelectronics:RTOS:FreeRTOS:Core:::10.2.0:
2024-08-26 20:59:32,116 [WARN] ModelIntegratedComponent:63 - No mode defined for component null
2024-08-26 20:59:32,116 [WARN] ModelIntegratedComponent:63 - No mode defined for component null
2024-08-26 20:59:32,116 [WARN] ModelIntegratedComponent:63 - No mode defined for component null
2024-08-26 20:59:32,116 [WARN] ModelIntegratedComponent:63 - No mode defined for component null
2024-08-26 20:59:32,116 [WARN] ModelIntegratedComponent:63 - No mode defined for component null
2024-08-26 20:59:32,116 [WARN] ModelIntegratedComponent:63 - No mode defined for component null
2024-08-26 20:59:32,116 [WARN] ModelIntegratedComponent:63 - No mode defined for component null
2024-08-26 20:59:32,116 [WARN] ModelIntegratedComponent:63 - No mode defined for component null
2024-08-26 20:59:32,117 [WARN] ModelIntegratedComponent:63 - No mode defined for component null
2024-08-26 20:59:32,117 [WARN] ModelIntegratedComponent:63 - No mode defined for component null
2024-08-26 20:59:32,117 [WARN] ModelIntegratedComponent:63 - No mode defined for component null
2024-08-26 20:59:32,117 [WARN] ModelIntegratedComponent:63 - No mode defined for component null
2024-08-26 20:59:32,117 [WARN] ModelIntegratedComponent:63 - No mode defined for component null
2024-08-26 20:59:32,117 [WARN] ModelIntegratedComponent:63 - No mode defined for component null
2024-08-26 20:59:32,117 [WARN] ModelIntegratedComponent:63 - No mode defined for component null
2024-08-26 20:59:32,117 [WARN] ModelIntegratedComponent:63 - No mode defined for component null
2024-08-26 20:59:32,117 [WARN] ModelIntegratedComponent:63 - No mode defined for component null
2024-08-26 20:59:32,117 [WARN] ModelIntegratedComponent:63 - No mode defined for component null
2024-08-26 20:59:32,117 [WARN] ModelIntegratedComponent:63 - No mode defined for component null
2024-08-26 20:59:32,117 [WARN] ModelIntegratedComponent:63 - No mode defined for component null
2024-08-26 20:59:32,117 [WARN] ModelIntegratedComponent:63 - No mode defined for component null
2024-08-26 20:59:32,117 [WARN] ModelIntegratedComponent:63 - No mode defined for component null
2024-08-26 20:59:32,117 [WARN] ModelIntegratedComponent:63 - No mode defined for component null
2024-08-26 20:59:32,117 [WARN] ModelIntegratedComponent:63 - No mode defined for component null
2024-08-26 20:59:32,117 [WARN] ModelIntegratedComponent:63 - No mode defined for component null
2024-08-26 20:59:32,117 [WARN] ModelIntegratedComponent:63 - No mode defined for component null
2024-08-26 20:59:32,117 [WARN] ModelIntegratedComponent:63 - No mode defined for component null
2024-08-26 20:59:32,117 [WARN] ModelIntegratedComponent:63 - No mode defined for component null
2024-08-26 20:59:32,118 [WARN] ModelIntegratedComponent:63 - No mode defined for component null
2024-08-26 20:59:32,118 [WARN] ModelIntegratedComponent:63 - No mode defined for component null
2024-08-26 20:59:32,118 [WARN] ModelIntegratedComponent:63 - No mode defined for component null
2024-08-26 20:59:32,118 [WARN] ModelIntegratedComponent:63 - No mode defined for component null
2024-08-26 20:59:32,118 [WARN] ModelIntegratedComponent:63 - No mode defined for component null
2024-08-26 20:59:32,236 [INFO] ThirdPartyModel:298 - Start build external matchings
2024-08-26 20:59:33,258 [INFO] ThirdPartyModel:316 - End build external matchings
2024-08-26 20:59:33,670 [INFO] UtilMem:75 - End LoadConfig() Used Memory: 606603368 Bytes (1073741824)
2024-08-26 20:59:33,712 [INFO] MicroXplorer:468 - Change Database Path : 
2024-08-26 20:59:33,713 [INFO] MicroXplorer:498 - Change Database Version : DB.6.0.100
2024-08-26 20:59:33,713 [WARN] ThirdParty:833 - waiting for thirdparty lock release [change project]
2024-08-26 20:59:33,714 [INFO] ThirdParty:835 - entering critical section [change project]
2024-08-26 20:59:33,714 [INFO] ThirdParty:1030 - CMSIS Pack Vendor :STMicroelectronics USBPD 4.1
2024-08-26 20:59:33,714 [INFO] ThirdParty:1030 - CMSIS Pack Vendor :STMicroelectronics X-CUBE-AZRTOS-H7 3.3.0
2024-08-26 20:59:33,714 [INFO] ThirdParty:1030 - CMSIS Pack Vendor :STMicroelectronics X-CUBE-GNSS1 6.0.0
2024-08-26 20:59:33,714 [INFO] ThirdParty:1030 - CMSIS Pack Vendor :STMicroelectronics USB_HOST 2.0.0
2024-08-26 20:59:33,714 [INFO] ThirdParty:1030 - CMSIS Pack Vendor :STMicroelectronics FP-SNS-MOTENVWB1 1.4.0
2024-08-26 20:59:33,714 [INFO] ThirdParty:1030 - CMSIS Pack Vendor :STMicroelectronics X-CUBE-AZRTOS-F4 1.1.0
2024-08-26 20:59:33,714 [INFO] ThirdParty:1030 - CMSIS Pack Vendor :STMicroelectronics LIBJPEG 8.0.0
2024-08-26 20:59:33,715 [INFO] ThirdParty:1030 - CMSIS Pack Vendor :STMicroelectronics X-CUBE-SMBUS 2.1.0
2024-08-26 20:59:33,715 [INFO] ThirdParty:1030 - CMSIS Pack Vendor :STMicroelectronics USB_DEVICE 3.0.0
2024-08-26 20:59:33,715 [INFO] ThirdParty:1030 - CMSIS Pack Vendor :STMicroelectronics X-CUBE-TCPP 4.1.0
2024-08-26 20:59:33,715 [INFO] ThirdParty:1030 - CMSIS Pack Vendor :STMicroelectronics X-CUBE-FREERTOS 1.2.0
2024-08-26 20:59:33,715 [INFO] ThirdParty:1030 - CMSIS Pack Vendor :STMicroelectronics X-CUBE-AZRTOS-WB 2.0.0
2024-08-26 20:59:33,715 [INFO] ThirdParty:1030 - CMSIS Pack Vendor :wolfSSL I-CUBE-wolfSSL 5.6.6
2024-08-26 20:59:33,715 [INFO] ThirdParty:1030 - CMSIS Pack Vendor :STMicroelectronics X-CUBE-TOUCHGFX 4.23.0
2024-08-26 20:59:33,715 [INFO] ThirdParty:1030 - CMSIS Pack Vendor :STMicroelectronics X-CUBE-AZRTOS-F7 1.1.0
2024-08-26 20:59:33,715 [INFO] ThirdParty:1030 - CMSIS Pack Vendor :STMicroelectronics X-CUBE-AZRTOS-L5 2.0.0
2024-08-26 20:59:33,715 [INFO] ThirdParty:1030 - CMSIS Pack Vendor :STMicroelectronics USB_DEVICE 2.0.0
2024-08-26 20:59:33,715 [INFO] ThirdParty:1030 - CMSIS Pack Vendor :STMicroelectronics X-CUBE-NFC6 3.1.0
2024-08-26 20:59:33,715 [INFO] ThirdParty:1030 - CMSIS Pack Vendor :ITTIA_DB I-CUBE-ITTIADB 8.8.0
2024-08-26 20:59:33,715 [INFO] ThirdParty:1030 - CMSIS Pack Vendor :STMicroelectronics FP-SNS-STBOX1 2.0.0
2024-08-26 20:59:33,715 [INFO] ThirdParty:1030 - CMSIS Pack Vendor :STMicroelectronics FP-SNS-MOTENV1 4.3.2
2024-08-26 20:59:33,715 [INFO] ThirdParty:1030 - CMSIS Pack Vendor :STMicroelectronics X-CUBE-ALGOBUILD 1.3.0
2024-08-26 20:59:33,715 [INFO] ThirdParty:1030 - CMSIS Pack Vendor :STMicroelectronics X-CUBE-MEMS1 11.0.0
2024-08-26 20:59:33,716 [INFO] ThirdParty:1030 - CMSIS Pack Vendor :STMicroelectronics FreeRTOS 0.0.1
2024-08-26 20:59:33,716 [INFO] ThirdParty:1030 - CMSIS Pack Vendor :STMicroelectronics X-CUBE-AZRTOS-G0 1.1.0
2024-08-26 20:59:33,716 [INFO] ThirdParty:1030 - CMSIS Pack Vendor :STMicroelectronics X-CUBE-SAFEA1 1.2.2
2024-08-26 20:59:33,716 [INFO] ThirdParty:1030 - CMSIS Pack Vendor :STMicroelectronics X-CUBE-NFC4 3.0.0
2024-08-26 20:59:33,716 [INFO] ThirdParty:1030 - CMSIS Pack Vendor :STMicroelectronics X-CUBE-DPower 1.2.0
2024-08-26 20:59:33,716 [INFO] ThirdParty:1030 - CMSIS Pack Vendor :STMicroelectronics X-CUBE-SUBG2 5.0.0
2024-08-26 20:59:33,716 [INFO] ThirdParty:1030 - CMSIS Pack Vendor :STMicroelectronics STM32_WPAN 1.0.0
2024-08-26 20:59:33,716 [INFO] ThirdParty:1030 - CMSIS Pack Vendor :EmbeddedOffice I-CUBE-FS-RTOS 1.0.1
2024-08-26 20:59:33,716 [INFO] ThirdParty:1030 - CMSIS Pack Vendor :STMicroelectronics lwIP 2.0.3
2024-08-26 20:59:33,716 [INFO] ThirdParty:1030 - CMSIS Pack Vendor :STMicroelectronics FP-SNS-FLIGHT1 5.0.2
2024-08-26 20:59:33,716 [INFO] ThirdParty:1030 - CMSIS Pack Vendor :Cesanta I-CUBE-Mongoose 7.13.0
2024-08-26 20:59:33,716 [INFO] ThirdParty:1030 - CMSIS Pack Vendor :STMicroelectronics USB_HOST 1.0.0
2024-08-26 20:59:33,716 [INFO] ThirdParty:1030 - CMSIS Pack Vendor :STMicroelectronics X-CUBE-AI 9.0.0
2024-08-26 20:59:33,716 [INFO] ThirdParty:1030 - CMSIS Pack Vendor :STMicroelectronics X-CUBE-AZRTOS-G4 2.0.0
2024-08-26 20:59:33,716 [INFO] ThirdParty:1030 - CMSIS Pack Vendor :STMicroelectronics PDM2PCM 3.1.0
2024-08-26 20:59:33,716 [INFO] ThirdParty:1030 - CMSIS Pack Vendor :Infineon AIROC-Wi-Fi-Bluetooth-STM32 1.5.1
2024-08-26 20:59:33,716 [INFO] ThirdParty:1030 - CMSIS Pack Vendor :STMicroelectronics PDM2PCM 3.3.0
2024-08-26 20:59:33,716 [INFO] ThirdParty:1030 - CMSIS Pack Vendor :STMicroelectronics X-CUBE-DISPLAY 3.0.0
2024-08-26 20:59:33,716 [INFO] ThirdParty:1030 - CMSIS Pack Vendor :RealThread X-CUBE-RT-Thread_Nano 4.1.1
2024-08-26 20:59:33,716 [INFO] ThirdParty:1030 - CMSIS Pack Vendor :STMicroelectronics FP-SNS-MOTENVWB1 1.3.1
2024-08-26 20:59:33,717 [INFO] ThirdParty:1030 - CMSIS Pack Vendor :STMicroelectronics X-CUBE-BLE1 7.0.0
2024-08-26 20:59:33,717 [INFO] ThirdParty:1030 - CMSIS Pack Vendor :STMicroelectronics FP-ATR-SIGFOX1 3.2.0
2024-08-26 20:59:33,717 [INFO] ThirdParty:1030 - CMSIS Pack Vendor :STMicroelectronics X-CUBE-ISPU 2.0.0
2024-08-26 20:59:33,717 [INFO] ThirdParty:1030 - CMSIS Pack Vendor :STMicroelectronics X-CUBE-EEPRMA1 5.1.0
2024-08-26 20:59:33,717 [INFO] ThirdParty:1030 - CMSIS Pack Vendor :STMicroelectronics HAL Drivers 0.0.0
2024-08-26 20:59:33,717 [INFO] ThirdParty:1030 - CMSIS Pack Vendor :STMicroelectronics MBEDTLS 2.16.2
2024-08-26 20:59:33,717 [INFO] ThirdParty:1030 - CMSIS Pack Vendor :STMicroelectronics X-CUBE-ALS 1.0.2
2024-08-26 20:59:33,717 [INFO] ThirdParty:1030 - CMSIS Pack Vendor :emotas I-CUBE-CANOPEN 1.3.0
2024-08-26 20:59:33,717 [INFO] ThirdParty:1030 - CMSIS Pack Vendor :STMicroelectronics X-CUBE-MEMS1 10.0.0
2024-08-26 20:59:33,717 [INFO] ThirdParty:1030 - CMSIS Pack Vendor :STMicroelectronics X-CUBE-FREERTOS 1.1.0
2024-08-26 20:59:33,717 [INFO] ThirdParty:1030 - CMSIS Pack Vendor :STMicroelectronics X-CUBE-NFC7 1.0.1
2024-08-26 20:59:33,718 [INFO] ThirdParty:1030 - CMSIS Pack Vendor :STMicroelectronics MBEDTLS 2.14.1
2024-08-26 20:59:33,718 [INFO] ThirdParty:1030 - CMSIS Pack Vendor :STMicroelectronics X-CUBE-TOUCHGFX 4.24.0
2024-08-26 20:59:33,718 [INFO] ThirdParty:1030 - CMSIS Pack Vendor :wolfSSL I-CUBE-wolfTPM 3.2.0
2024-08-26 20:59:33,718 [INFO] ThirdParty:1030 - CMSIS Pack Vendor :STMicroelectronics X-CUBE-NFC6 3.0.0
2024-08-26 20:59:33,718 [INFO] ThirdParty:1030 - CMSIS Pack Vendor :portGmbH I-Cube-SoM-uGOAL 1.1.0
2024-08-26 20:59:33,718 [INFO] ThirdParty:1030 - CMSIS Pack Vendor :STMicroelectronics X-CUBE-ALS 1.0.1
2024-08-26 20:59:33,718 [INFO] ThirdParty:1030 - CMSIS Pack Vendor :STMicroelectronics X-CUBE-BLEMGR 3.1.0
2024-08-26 20:59:33,718 [INFO] ThirdParty:1030 - CMSIS Pack Vendor :STMicroelectronics ThreadX 1.0.0
2024-08-26 20:59:33,718 [INFO] ThirdParty:1030 - CMSIS Pack Vendor :STMicroelectronics FP-SNS-SMARTAG2 1.2.0
2024-08-26 20:59:33,718 [INFO] ThirdParty:1030 - CMSIS Pack Vendor :STMicroelectronics X-CUBE-AZRTOS-WL 2.0.0
2024-08-26 20:59:33,718 [INFO] ThirdParty:1030 - CMSIS Pack Vendor :SEGGER I-CUBE-embOS 1.3.1
2024-08-26 20:59:33,718 [INFO] ThirdParty:1030 - CMSIS Pack Vendor :STMicroelectronics X-CUBE-ALGOBUILD 1.4.0
2024-08-26 20:59:33,718 [INFO] ThirdParty:1030 - CMSIS Pack Vendor :STMicroelectronics FP-SNS-MOTENV1 5.0.0
2024-08-26 20:59:33,718 [INFO] ThirdParty:1030 - CMSIS Pack Vendor :STMicroelectronics USB_DEVICE 1.0.0
2024-08-26 20:59:33,718 [INFO] ThirdParty:1030 - CMSIS Pack Vendor :STMicroelectronics X-CUBE-AI 8.1.0
2024-08-26 20:59:33,719 [INFO] ThirdParty:1030 - CMSIS Pack Vendor :STMicroelectronics X-CUBE-AZRTOS-H7RS 1.0.0
2024-08-26 20:59:33,719 [INFO] ThirdParty:1030 - CMSIS Pack Vendor :wolfSSL I-CUBE-wolfMQTT 1.19.0
2024-08-26 20:59:33,719 [INFO] ThirdParty:1030 - CMSIS Pack Vendor :STMicroelectronics X-CUBE-AZRTOS-L4 2.0.0
2024-08-26 20:59:33,719 [INFO] ThirdParty:1030 - CMSIS Pack Vendor :STMicroelectronics ThreadX 0.0.2
2024-08-26 20:59:33,719 [INFO] ThirdParty:1030 - CMSIS Pack Vendor :WES I-CUBE-Cesium 1.3.0
2024-08-26 20:59:33,719 [INFO] ThirdParty:1030 - CMSIS Pack Vendor :STMicroelectronics FP-ATR-ASTRA1 2.0.0
2024-08-26 20:59:33,719 [INFO] ThirdParty:1030 - CMSIS Pack Vendor :STMicroelectronics lwIP 2.1.2
2024-08-26 20:59:33,719 [INFO] ThirdParty:1030 - CMSIS Pack Vendor :STMicroelectronics X-CUBE-SFXS2LP1 4.0.0
2024-08-26 20:59:33,719 [INFO] ThirdParty:1030 - CMSIS Pack Vendor :STMicroelectronics X-CUBE-BLE2 3.3.0
2024-08-26 20:59:33,719 [INFO] ThirdParty:1030 - CMSIS Pack Vendor :STMicroelectronics X-CUBE-TOF1 3.4.2
2024-08-26 20:59:33,719 [INFO] ThirdParty:1030 - CMSIS Pack Vendor :STMicroelectronics X-CUBE-TOF1 3.4.0
2024-08-26 20:59:33,719 [INFO] ThirdParty:1030 - CMSIS Pack Vendor :STMicroelectronics X-CUBE-AZRTOS-H7 3.2.0
2024-08-26 20:59:33,720 [INFO] ThirdParty:1030 - CMSIS Pack Vendor :STMicroelectronics PDM2PCM 3.2.0
2024-08-26 20:59:33,720 [INFO] ThirdParty:1030 - CMSIS Pack Vendor :wolfSSL I-CUBE-wolfSSH 1.4.17
2024-08-26 20:59:33,720 [INFO] ThirdParty:841 - exiting critical section [change project]
2024-08-26 20:59:34,171 [INFO] PinOutPanel:1499 - setPackage(No Configuration,No Configuration)
2024-08-26 20:59:34,173 [INFO] PinOutPanel:1499 - setPackage(STM32F407VGTx,LQFP100)
2024-08-26 20:59:34,755 [INFO] UtilMem:75 - Before build in PCC Used Memory: 608554552 Bytes (1073741824)
2024-08-26 20:59:35,795 [INFO] UtilMem:75 - After build in PCC Used Memory: 682584848 Bytes (1073741824)
2024-08-26 20:59:35,845 [INFO] IPUIPlugin:80 - create IPUIPlugin
2024-08-26 20:59:35,845 [INFO] IPUIPlugin:80 - create IPUIPlugin
2024-08-26 20:59:35,845 [INFO] IPUIPlugin:80 - create IPUIPlugin
2024-08-26 20:59:35,845 [INFO] IPUIPlugin:80 - create IPUIPlugin
2024-08-26 20:59:35,845 [INFO] IPUIPlugin:80 - create IPUIPlugin
2024-08-26 20:59:35,846 [INFO] IPUIPlugin:80 - create IPUIPlugin
2024-08-26 20:59:35,846 [INFO] IPUIPlugin:80 - create IPUIPlugin
2024-08-26 20:59:35,846 [INFO] IPUIPlugin:80 - create IPUIPlugin
2024-08-26 20:59:35,846 [INFO] IPUIPlugin:80 - create IPUIPlugin
2024-08-26 20:59:35,847 [INFO] IPUIPlugin:80 - create IPUIPlugin
2024-08-26 20:59:35,847 [INFO] IPUIPlugin:80 - create IPUIPlugin
2024-08-26 20:59:35,847 [INFO] IPUIPlugin:80 - create IPUIPlugin
2024-08-26 20:59:35,847 [INFO] IPUIPlugin:80 - create IPUIPlugin
2024-08-26 20:59:35,847 [INFO] IPUIPlugin:80 - create IPUIPlugin
2024-08-26 20:59:35,847 [INFO] IPUIPlugin:80 - create IPUIPlugin
2024-08-26 20:59:35,847 [INFO] IPUIPlugin:80 - create IPUIPlugin
2024-08-26 20:59:35,848 [INFO] IPUIPlugin:80 - create IPUIPlugin
2024-08-26 20:59:35,848 [INFO] IPUIPlugin:80 - create IPUIPlugin
2024-08-26 20:59:35,848 [INFO] IPUIPlugin:80 - create IPUIPlugin
2024-08-26 20:59:35,849 [INFO] IPUIPlugin:80 - create IPUIPlugin
2024-08-26 20:59:35,849 [INFO] IPUIPlugin:80 - create IPUIPlugin
2024-08-26 20:59:35,849 [INFO] IPUIPlugin:80 - create IPUIPlugin
2024-08-26 20:59:35,850 [INFO] IPUIPlugin:80 - create IPUIPlugin
2024-08-26 20:59:35,850 [INFO] IPUIPlugin:80 - create IPUIPlugin
2024-08-26 20:59:35,851 [INFO] IPUIPlugin:80 - create IPUIPlugin
2024-08-26 20:59:35,851 [INFO] IPUIPlugin:80 - create IPUIPlugin
2024-08-26 20:59:35,851 [INFO] IPUIPlugin:80 - create IPUIPlugin
2024-08-26 20:59:35,851 [INFO] IPUIPlugin:80 - create IPUIPlugin
2024-08-26 20:59:35,852 [INFO] IPUIPlugin:80 - create IPUIPlugin
2024-08-26 20:59:35,852 [INFO] IPUIPlugin:80 - create IPUIPlugin
2024-08-26 20:59:35,853 [INFO] IPUIPlugin:80 - create IPUIPlugin
2024-08-26 20:59:35,853 [INFO] IPUIPlugin:80 - create IPUIPlugin
2024-08-26 20:59:35,854 [INFO] IPUIPlugin:80 - create IPUIPlugin
2024-08-26 20:59:35,854 [INFO] IPUIPlugin:80 - create IPUIPlugin
2024-08-26 20:59:35,854 [INFO] IPUIPlugin:80 - create IPUIPlugin
2024-08-26 20:59:35,855 [INFO] IPUIPlugin:80 - create IPUIPlugin
2024-08-26 20:59:35,855 [INFO] IPUIPlugin:80 - create IPUIPlugin
2024-08-26 20:59:35,856 [INFO] IPUIPlugin:80 - create IPUIPlugin
2024-08-26 20:59:35,856 [INFO] IPUIPlugin:80 - create IPUIPlugin
2024-08-26 20:59:35,857 [INFO] IPUIPlugin:80 - create IPUIPlugin
2024-08-26 20:59:35,858 [INFO] IPUIPlugin:80 - create IPUIPlugin
2024-08-26 20:59:35,858 [INFO] IPUIPlugin:80 - create IPUIPlugin
2024-08-26 20:59:35,859 [INFO] IPUIPlugin:80 - create IPUIPlugin
2024-08-26 20:59:35,859 [INFO] IPUIPlugin:80 - create IPUIPlugin
2024-08-26 20:59:35,860 [INFO] IPUIPlugin:80 - create IPUIPlugin
2024-08-26 20:59:35,861 [INFO] IPUIPlugin:80 - create IPUIPlugin
2024-08-26 20:59:35,861 [INFO] IPUIPlugin:80 - create IPUIPlugin
2024-08-26 20:59:35,862 [INFO] IPUIPlugin:80 - create IPUIPlugin
2024-08-26 20:59:35,863 [INFO] IPUIPlugin:80 - create IPUIPlugin
2024-08-26 20:59:35,863 [INFO] IPUIPlugin:80 - create IPUIPlugin
2024-08-26 20:59:35,864 [INFO] IPUIPlugin:80 - create IPUIPlugin
2024-08-26 20:59:35,865 [INFO] IPUIPlugin:80 - create IPUIPlugin
2024-08-26 20:59:35,865 [INFO] IPUIPlugin:80 - create IPUIPlugin
2024-08-26 20:59:35,866 [INFO] IPUIPlugin:80 - create IPUIPlugin
2024-08-26 20:59:35,867 [INFO] IPUIPlugin:80 - create IPUIPlugin
2024-08-26 20:59:35,868 [INFO] IPUIPlugin:80 - create IPUIPlugin
2024-08-26 20:59:35,868 [INFO] IPUIPlugin:80 - create IPUIPlugin
2024-08-26 20:59:35,869 [INFO] IPUIPlugin:80 - create IPUIPlugin
2024-08-26 20:59:35,978 [INFO] ApiDbMcu:508 - Load IP Config File for PDM2PCM
2024-08-26 20:59:36,168 [INFO] CADModel:165 - CPN selected for project levelSTM32F407VGT6
2024-08-26 20:59:36,168 [INFO] CADModel:114 - Register for checkConnection events
2024-08-26 20:59:36,206 [INFO] OpenFileManager:343 - Restore cursor
2024-08-26 20:59:38,143 [INFO] UtilMem:75 - End SaveConfig() Used Memory: 806969832 Bytes (1073741824)
2024-08-26 20:59:38,210 [INFO] UtilMem:75 - End SaveConfig() Used Memory: 829277752 Bytes (1073741824)
2024-08-26 20:59:38,574 [INFO] BlockDiagram:2759 - set Specific Code input for plugin: RCC
2024-08-26 20:59:38,574 [INFO] BlockDiagram:2759 - set Specific Code input for plugin: NVIC
2024-08-26 20:59:38,576 [INFO] CodeGenerator:807 - code generatio: config db path: C:\ST\STM32CubeIDE_1.14.1\STM32CubeIDE\plugins\com.st.stm32cube.common.mx_6.10.0.202311202037\\db\
2024-08-26 20:59:38,964 [INFO] CodeEngine:255 - oldGeneratedFile, C:\Users\Berk\Documents\Programming\stm32f407g\LED_BLINKING\MXTmpFiles\license.tmp_save
2024-08-26 20:59:39,462 [INFO] CodeEngine:279 - Generated code: C:\Users\Berk\Documents\Programming\stm32f407g\LED_BLINKING\MXTmpFiles\license.tmp
2024-08-26 20:59:39,508 [INFO] CodeEngine:255 - oldGeneratedFile, C:\Users\Berk\Documents\Programming\stm32f407g\LED_BLINKING\Core\Src\stm32f4xx_it.c_save
2024-08-26 20:59:39,769 [INFO] CodeEngine:279 - Generated code: C:\Users\Berk\Documents\Programming\stm32f407g\LED_BLINKING\Core\Src\stm32f4xx_it.c
2024-08-26 20:59:39,780 [INFO] CodeEngine:255 - oldGeneratedFile, C:\Users\Berk\Documents\Programming\stm32f407g\LED_BLINKING\Core\Inc\stm32f4xx_it.h_save
2024-08-26 20:59:39,920 [INFO] CodeEngine:279 - Generated code: C:\Users\Berk\Documents\Programming\stm32f407g\LED_BLINKING\Core\Inc\stm32f4xx_it.h
2024-08-26 20:59:40,039 [INFO] CodeEngine:255 - oldGeneratedFile, C:\Users\Berk\Documents\Programming\stm32f407g\LED_BLINKING\Core\Src\stm32f4xx_hal_msp.c_save
2024-08-26 20:59:40,224 [INFO] CodeEngine:279 - Generated code: C:\Users\Berk\Documents\Programming\stm32f407g\LED_BLINKING\Core\Src\stm32f4xx_hal_msp.c
2024-08-26 20:59:40,237 [INFO] CodeEngine:255 - oldGeneratedFile, C:\Users\Berk\Documents\Programming\stm32f407g\LED_BLINKING\MXTmpFiles\system.tmp_save
2024-08-26 20:59:40,324 [INFO] CodeEngine:279 - Generated code: C:\Users\Berk\Documents\Programming\stm32f407g\LED_BLINKING\MXTmpFiles\system.tmp
2024-08-26 20:59:40,347 [INFO] CodeEngine:311 - oldGeneratedFile, C:\Users\Berk\Documents\Programming\stm32f407g\LED_BLINKING\Core\Inc\stm32f4xx_hal_conf.h_save
2024-08-26 20:59:40,472 [INFO] CodeEngine:335 - Generated code: C:\Users\Berk\Documents\Programming\stm32f407g\LED_BLINKING\Core\Inc\stm32f4xx_hal_conf.h
2024-08-26 20:59:40,554 [INFO] CodeEngine:255 - oldGeneratedFile, C:\Users\Berk\Documents\Programming\stm32f407g\LED_BLINKING\Core\Inc\main.h_save
2024-08-26 20:59:40,703 [INFO] CodeEngine:279 - Generated code: C:\Users\Berk\Documents\Programming\stm32f407g\LED_BLINKING\Core\Inc\main.h
2024-08-26 20:59:40,718 [INFO] CodeEngine:255 - oldGeneratedFile, C:\Users\Berk\Documents\Programming\stm32f407g\LED_BLINKING\Core\Src\main.c_save
2024-08-26 20:59:40,861 [INFO] CodeEngine:279 - Generated code: C:\Users\Berk\Documents\Programming\stm32f407g\LED_BLINKING\Core\Src\main.c
2024-08-26 20:59:41,624 [INFO] ProjectBuilder:3076 - Time for Copy HAL[1] : 249mS.
2024-08-26 20:59:41,633 [INFO] ProjectBuilder:4485 - Project Generator version: 4.2.0-B44
2024-08-26 20:59:42,121 [INFO] ConfigFileManager:1495 - The Die is : DIE413
2024-08-26 20:59:42,144 [INFO] ApiDbMcu:508 - Load IP Config File for FATFS
2024-08-26 20:59:42,170 [INFO] ApiDbMcu:508 - Load IP Config File for FREERTOS
2024-08-26 20:59:42,189 [INFO] ApiDbMcu:508 - Load IP Config File for LIBJPEG
2024-08-26 20:59:42,210 [INFO] ApiDbMcu:508 - Load IP Config File for LWIP
2024-08-26 20:59:42,229 [INFO] ApiDbMcu:508 - Load IP Config File for MBEDTLS
2024-08-26 20:59:42,253 [INFO] ApiDbMcu:508 - Load IP Config File for USB_DEVICE
2024-08-26 20:59:42,271 [INFO] ApiDbMcu:508 - Load IP Config File for USB_HOST
2024-08-26 20:59:43,685 [INFO] LogOutputStream:77 - [STDOUT_REDIRECT] 
2024-08-26 20:59:47,566 [INFO] ProjectBuilder:4747 - Time for Generating toolchain IDE Files: 5934mS.
2024-08-26 20:59:47,567 [INFO] ProjectBuilder:2947 - Time for Copy CMSIS : 1mS.
2024-08-26 20:59:47,571 [INFO] ProjectBuilder:2947 - Time for Copy CMSIS : 1mS.
2024-08-26 20:59:49,188 [INFO] McuFinderGlobals:76 - Set McuFinderConnectedMode to true
2024-08-26 20:59:49,192 [INFO] ApiDb:448 - Save user favorites file C:\Users\Berk/.stm32cubeide/favorites.mcus.txt: 2 item(s)
2024-08-26 20:59:49,192 [INFO] ApiDb:452 - User favorites MCUs=[STM32F407VGT6, STM32F411RET6]
2024-08-26 21:05:19,547 [INFO] UtilMem:75 - End SaveConfig() Used Memory: 644692392 Bytes (1073741824)
2024-08-26 21:05:24,273 [INFO] UtilMem:75 - End SaveConfig() Used Memory: 799885704 Bytes (1073741824)
2024-08-26 21:05:24,579 [INFO] BlockDiagram:2759 - set Specific Code input for plugin: SYS
2024-08-26 21:05:24,579 [INFO] BlockDiagram:2759 - set Specific Code input for plugin: RCC
2024-08-26 21:05:24,579 [INFO] BlockDiagram:2759 - set Specific Code input for plugin: NVIC
2024-08-26 21:05:24,580 [INFO] BlockDiagram:2759 - set Specific Code input for plugin: GPIO
2024-08-26 21:05:24,581 [INFO] CodeGenerator:807 - code generatio: config db path: C:\ST\STM32CubeIDE_1.14.1\STM32CubeIDE\plugins\com.st.stm32cube.common.mx_6.10.0.202311202037\\db\
2024-08-26 21:05:24,771 [INFO] CodeEngine:255 - oldGeneratedFile, C:\Users\Berk\Documents\Programming\stm32f407g\LED_BLINKING\MXTmpFiles\license.tmp_save
2024-08-26 21:05:24,941 [INFO] CodeEngine:279 - Generated code: C:\Users\Berk\Documents\Programming\stm32f407g\LED_BLINKING\MXTmpFiles\license.tmp
2024-08-26 21:05:25,006 [INFO] CodeEngine:255 - oldGeneratedFile, C:\Users\Berk\Documents\Programming\stm32f407g\LED_BLINKING\MXTmpFiles\gpio.tmp_save
2024-08-26 21:05:25,173 [INFO] CodeEngine:279 - Generated code: C:\Users\Berk\Documents\Programming\stm32f407g\LED_BLINKING\MXTmpFiles\gpio.tmp
2024-08-26 21:05:25,213 [INFO] CodeEngine:255 - oldGeneratedFile, C:\Users\Berk\Documents\Programming\stm32f407g\LED_BLINKING\Core\Src\stm32f4xx_it.c_save
2024-08-26 21:05:25,335 [INFO] CodeEngine:279 - Generated code: C:\Users\Berk\Documents\Programming\stm32f407g\LED_BLINKING\Core\Src\stm32f4xx_it.c
2024-08-26 21:05:25,344 [INFO] CodeEngine:255 - oldGeneratedFile, C:\Users\Berk\Documents\Programming\stm32f407g\LED_BLINKING\Core\Inc\stm32f4xx_it.h_save
2024-08-26 21:05:25,451 [INFO] CodeEngine:279 - Generated code: C:\Users\Berk\Documents\Programming\stm32f407g\LED_BLINKING\Core\Inc\stm32f4xx_it.h
2024-08-26 21:05:25,474 [INFO] CodeEngine:255 - oldGeneratedFile, C:\Users\Berk\Documents\Programming\stm32f407g\LED_BLINKING\Core\Src\stm32f4xx_hal_msp.c_save
2024-08-26 21:05:25,561 [INFO] CodeEngine:279 - Generated code: C:\Users\Berk\Documents\Programming\stm32f407g\LED_BLINKING\Core\Src\stm32f4xx_hal_msp.c
2024-08-26 21:05:25,565 [INFO] CodeEngine:255 - oldGeneratedFile, C:\Users\Berk\Documents\Programming\stm32f407g\LED_BLINKING\MXTmpFiles\system.tmp_save
2024-08-26 21:05:25,617 [INFO] CodeEngine:279 - Generated code: C:\Users\Berk\Documents\Programming\stm32f407g\LED_BLINKING\MXTmpFiles\system.tmp
2024-08-26 21:05:25,638 [INFO] CodeEngine:311 - oldGeneratedFile, C:\Users\Berk\Documents\Programming\stm32f407g\LED_BLINKING\Core\Inc\stm32f4xx_hal_conf.h_save
2024-08-26 21:05:25,734 [INFO] CodeEngine:335 - Generated code: C:\Users\Berk\Documents\Programming\stm32f407g\LED_BLINKING\Core\Inc\stm32f4xx_hal_conf.h
2024-08-26 21:05:25,788 [INFO] CodeEngine:255 - oldGeneratedFile, C:\Users\Berk\Documents\Programming\stm32f407g\LED_BLINKING\Core\Inc\main.h_save
2024-08-26 21:05:25,869 [INFO] CodeEngine:279 - Generated code: C:\Users\Berk\Documents\Programming\stm32f407g\LED_BLINKING\Core\Inc\main.h
2024-08-26 21:05:25,887 [INFO] CodeEngine:255 - oldGeneratedFile, C:\Users\Berk\Documents\Programming\stm32f407g\LED_BLINKING\Core\Src\main.c_save
2024-08-26 21:05:26,002 [INFO] CodeEngine:279 - Generated code: C:\Users\Berk\Documents\Programming\stm32f407g\LED_BLINKING\Core\Src\main.c
2024-08-26 21:05:26,590 [INFO] ProjectBuilder:3076 - Time for Copy HAL[1] : 171mS.
2024-08-26 21:05:26,594 [INFO] ProjectBuilder:4485 - Project Generator version: 4.2.0-B44
2024-08-26 21:05:26,927 [INFO] ConfigFileManager:1495 - The Die is : DIE413
2024-08-26 21:05:29,413 [INFO] ProjectBuilder:4747 - Time for Generating toolchain IDE Files: 2819mS.
2024-08-26 21:05:29,414 [INFO] ProjectBuilder:2947 - Time for Copy CMSIS : 1mS.
2024-08-26 21:05:29,417 [INFO] ProjectBuilder:2947 - Time for Copy CMSIS : 0mS.
2024-08-26 21:05:54,997 [INFO] UtilMem:75 - End SaveConfig() Used Memory: 726979152 Bytes (1073741824)
2024-08-26 21:05:55,475 [INFO] UtilMem:75 - End SaveConfig() Used Memory: 760179800 Bytes (1073741824)
2024-08-26 21:05:55,723 [INFO] BlockDiagram:2759 - set Specific Code input for plugin: SYS
2024-08-26 21:05:55,723 [INFO] BlockDiagram:2759 - set Specific Code input for plugin: RCC
2024-08-26 21:05:55,723 [INFO] BlockDiagram:2759 - set Specific Code input for plugin: NVIC
2024-08-26 21:05:55,723 [INFO] BlockDiagram:2759 - set Specific Code input for plugin: GPIO
2024-08-26 21:05:55,724 [INFO] CodeGenerator:807 - code generatio: config db path: C:\ST\STM32CubeIDE_1.14.1\STM32CubeIDE\plugins\com.st.stm32cube.common.mx_6.10.0.202311202037\\db\
2024-08-26 21:05:55,936 [INFO] CodeEngine:255 - oldGeneratedFile, C:\Users\Berk\Documents\Programming\stm32f407g\LED_BLINKING\MXTmpFiles\license.tmp_save
2024-08-26 21:05:56,079 [INFO] CodeEngine:279 - Generated code: C:\Users\Berk\Documents\Programming\stm32f407g\LED_BLINKING\MXTmpFiles\license.tmp
2024-08-26 21:05:56,123 [INFO] CodeEngine:255 - oldGeneratedFile, C:\Users\Berk\Documents\Programming\stm32f407g\LED_BLINKING\Core\Src\gpio.c_save
2024-08-26 21:05:56,304 [INFO] CodeEngine:279 - Generated code: C:\Users\Berk\Documents\Programming\stm32f407g\LED_BLINKING\Core\Src\gpio.c
2024-08-26 21:05:56,319 [INFO] CodeEngine:255 - oldGeneratedFile, C:\Users\Berk\Documents\Programming\stm32f407g\LED_BLINKING\Core\Inc\gpio.h_save
2024-08-26 21:05:56,443 [INFO] CodeEngine:279 - Generated code: C:\Users\Berk\Documents\Programming\stm32f407g\LED_BLINKING\Core\Inc\gpio.h
2024-08-26 21:05:56,476 [INFO] CodeEngine:255 - oldGeneratedFile, C:\Users\Berk\Documents\Programming\stm32f407g\LED_BLINKING\Core\Src\stm32f4xx_it.c_save
2024-08-26 21:05:56,694 [INFO] CodeEngine:279 - Generated code: C:\Users\Berk\Documents\Programming\stm32f407g\LED_BLINKING\Core\Src\stm32f4xx_it.c
2024-08-26 21:05:56,702 [INFO] CodeEngine:255 - oldGeneratedFile, C:\Users\Berk\Documents\Programming\stm32f407g\LED_BLINKING\Core\Inc\stm32f4xx_it.h_save
2024-08-26 21:05:56,767 [INFO] CodeEngine:279 - Generated code: C:\Users\Berk\Documents\Programming\stm32f407g\LED_BLINKING\Core\Inc\stm32f4xx_it.h
2024-08-26 21:05:56,786 [INFO] CodeEngine:255 - oldGeneratedFile, C:\Users\Berk\Documents\Programming\stm32f407g\LED_BLINKING\Core\Src\stm32f4xx_hal_msp.c_save
2024-08-26 21:05:56,907 [INFO] CodeEngine:279 - Generated code: C:\Users\Berk\Documents\Programming\stm32f407g\LED_BLINKING\Core\Src\stm32f4xx_hal_msp.c
2024-08-26 21:05:56,913 [INFO] CodeEngine:255 - oldGeneratedFile, C:\Users\Berk\Documents\Programming\stm32f407g\LED_BLINKING\MXTmpFiles\system.tmp_save
2024-08-26 21:05:56,983 [INFO] CodeEngine:279 - Generated code: C:\Users\Berk\Documents\Programming\stm32f407g\LED_BLINKING\MXTmpFiles\system.tmp
2024-08-26 21:05:57,004 [INFO] CodeEngine:311 - oldGeneratedFile, C:\Users\Berk\Documents\Programming\stm32f407g\LED_BLINKING\Core\Inc\stm32f4xx_hal_conf.h_save
2024-08-26 21:05:57,107 [INFO] CodeEngine:335 - Generated code: C:\Users\Berk\Documents\Programming\stm32f407g\LED_BLINKING\Core\Inc\stm32f4xx_hal_conf.h
2024-08-26 21:05:57,151 [INFO] CodeEngine:255 - oldGeneratedFile, C:\Users\Berk\Documents\Programming\stm32f407g\LED_BLINKING\Core\Inc\main.h_save
2024-08-26 21:05:57,242 [INFO] CodeEngine:279 - Generated code: C:\Users\Berk\Documents\Programming\stm32f407g\LED_BLINKING\Core\Inc\main.h
2024-08-26 21:05:57,257 [INFO] CodeEngine:255 - oldGeneratedFile, C:\Users\Berk\Documents\Programming\stm32f407g\LED_BLINKING\Core\Src\main.c_save
2024-08-26 21:05:57,377 [INFO] CodeEngine:279 - Generated code: C:\Users\Berk\Documents\Programming\stm32f407g\LED_BLINKING\Core\Src\main.c
2024-08-26 21:05:57,956 [INFO] ProjectBuilder:3076 - Time for Copy HAL[1] : 183mS.
2024-08-26 21:05:57,961 [INFO] ProjectBuilder:4485 - Project Generator version: 4.2.0-B44
2024-08-26 21:05:58,235 [INFO] ConfigFileManager:1495 - The Die is : DIE413
2024-08-26 21:05:59,709 [INFO] ProjectBuilder:4747 - Time for Generating toolchain IDE Files: 1748mS.
2024-08-26 21:05:59,710 [INFO] ProjectBuilder:2947 - Time for Copy CMSIS : 1mS.
2024-08-26 21:05:59,714 [INFO] ProjectBuilder:2947 - Time for Copy CMSIS : 0mS.
